2022-08-17 19:48:26,824 INFO  [org.jboss.modules] (main) JBoss Modules version 2.0.2.Final
2022-08-17 19:48:27,286 INFO  [org.jboss.msc] (main) JBoss MSC version 1.4.13.Final
2022-08-17 19:48:27,293 INFO  [org.jboss.threads] (main) JBoss Threads version 2.4.0.Final
2022-08-17 19:48:27,380 INFO  [org.jboss.as] (MSC service thread 1-2) WFLYSRV0049: WildFly Full 26.1.1.Final (WildFly Core 18.1.1.Final) starting
2022-08-17 19:48:27,381 DEBUG [org.jboss.as.config] (MSC service thread 1-2) Configured system properties:
	[Standalone] = 
	file.encoding = UTF-8
	file.separator = /
	java.awt.headless = true
	java.class.path = /home/kraus/Descargas/web-app-jaxws/target/server/jboss-modules.jar
	java.class.version = 62.0
	java.home = /home/kraus/.jdks/openjdk-18.0.2
	java.io.tmpdir = /tmp
	java.library.path = :/usr/java/packages/lib:/usr/lib64:/lib64:/lib:/usr/lib
	java.net.preferIPv4Stack = true
	java.runtime.name = OpenJDK Runtime Environment
	java.runtime.version = 18.0.2+9-61
	java.specification.name = Java Platform API Specification
	java.specification.vendor = Oracle Corporation
	java.specification.version = 18
	java.util.logging.manager = org.jboss.logmanager.LogManager
	java.vendor = Oracle Corporation
	java.vendor.url = https://java.oracle.com/
	java.vendor.url.bug = https://bugreport.java.com/bugreport/
	java.version = 18.0.2
	java.version.date = 2022-07-19
	java.vm.compressedOopsMode = 32-bit
	java.vm.info = mixed mode, sharing
	java.vm.name = OpenJDK 64-Bit Server VM
	java.vm.specification.name = Java Virtual Machine Specification
	java.vm.specification.vendor = Oracle Corporation
	java.vm.specification.version = 18
	java.vm.vendor = Oracle Corporation
	java.vm.version = 18.0.2+9-61
	javax.management.builder.initial = org.jboss.as.jmx.PluggableMBeanServerBuilder
	jboss.home.dir = /home/kraus/Descargas/web-app-jaxws/target/server
	jboss.host.name = jared-12
	jboss.modules.dir = /home/kraus/Descargas/web-app-jaxws/target/server/modules
	jboss.modules.system.pkgs = org.jboss.byteman
	jboss.node.name = jared-12
	jboss.qualified.host.name = jared-12
	jboss.server.base.dir = /home/kraus/Descargas/web-app-jaxws/target/server/standalone
	jboss.server.config.dir = /home/kraus/Descargas/web-app-jaxws/target/server/standalone/configuration
	jboss.server.data.dir = /home/kraus/Descargas/web-app-jaxws/target/server/standalone/data
	jboss.server.deploy.dir = /home/kraus/Descargas/web-app-jaxws/target/server/standalone/data/content
	jboss.server.log.dir = /home/kraus/Descargas/web-app-jaxws/target/server/standalone/log
	jboss.server.name = jared-12
	jboss.server.persist.config = true
	jboss.server.temp.dir = /home/kraus/Descargas/web-app-jaxws/target/server/standalone/tmp
	jdk.debug = release
	line.separator = 

	logging.configuration = file:/home/kraus/Descargas/web-app-jaxws/target/server/standalone/configuration/logging.properties
	module.path = /home/kraus/Descargas/web-app-jaxws/target/server/modules
	native.encoding = UTF-8
	org.jboss.boot.log.file = /home/kraus/Descargas/web-app-jaxws/target/server/standalone/log/server.log
	org.jboss.resolver.warning = true
	os.arch = amd64
	os.name = Linux
	os.version = 5.15.0-46-generic
	path.separator = :
	sun.arch.data.model = 64
	sun.boot.library.path = /home/kraus/.jdks/openjdk-18.0.2/lib
	sun.cpu.endian = little
	sun.io.unicode.encoding = UnicodeLittle
	sun.java.command = /home/kraus/Descargas/web-app-jaxws/target/server/jboss-modules.jar -mp /home/kraus/Descargas/web-app-jaxws/target/server/modules org.jboss.as.standalone
	sun.java.launcher = SUN_STANDARD
	sun.jnu.encoding = UTF-8
	sun.management.compiler = HotSpot 64-Bit Tiered Compilers
	user.country = SV
	user.dir = /home/kraus/Descargas/web-app-jaxws
	user.home = /home/kraus
	user.language = es
	user.name = kraus
	user.timezone = America/El_Salvador
2022-08-17 19:48:27,383 DEBUG [org.jboss.as.config] (MSC service thread 1-2) VM Arguments: -D[Standalone] -Xms64m -Xmx512m -Djava.net.preferIPv4Stack=true -Djava.awt.headless=true -Djboss.modules.system.pkgs=org.jboss.byteman --add-exports=java.desktop/sun.awt=ALL-UNNAMED --add-exports=java.naming/com.sun.jndi.ldap=ALL-UNNAMED --add-opens=java.base/java.lang=ALL-UNNAMED --add-opens=java.base/java.lang.invoke=ALL-UNNAMED --add-opens=java.base/java.lang.reflect=ALL-UNNAMED --add-opens=java.base/java.io=ALL-UNNAMED --add-opens=java.base/java.security=ALL-UNNAMED --add-opens=java.base/java.util=ALL-UNNAMED --add-opens=java.base/java.util.concurrent=ALL-UNNAMED --add-opens=java.management/javax.management=ALL-UNNAMED --add-opens=java.naming/javax.naming=ALL-UNNAMED --add-modules=java.se -Djboss.home.dir=/home/kraus/Descargas/web-app-jaxws/target/server -Djboss.server.base.dir=/home/kraus/Descargas/web-app-jaxws/target/server/standalone -Djboss.server.log.dir=/home/kraus/Descargas/web-app-jaxws/target/server/standalone/log -Djboss.server.config.dir=/home/kraus/Descargas/web-app-jaxws/target/server/standalone/configuration -Dorg.jboss.boot.log.file=/home/kraus/Descargas/web-app-jaxws/target/server/standalone/log/server.log -Dlogging.configuration=file:/home/kraus/Descargas/web-app-jaxws/target/server/standalone/configuration/logging.properties 
2022-08-17 19:48:27,922 INFO  [org.wildfly.security] (ServerService Thread Pool -- 4) ELY00001: WildFly Elytron version 1.19.0.Final
2022-08-17 19:48:28,373 INFO  [org.jboss.as.server] (Controller Boot Thread) WFLYSRV0039: Creating http management service using socket-binding (management-http)
2022-08-17 19:48:28,392 INFO  [org.xnio] (MSC service thread 1-6) XNIO version 3.8.7.Final
2022-08-17 19:48:28,399 INFO  [org.xnio.nio] (MSC service thread 1-6) XNIO NIO Implementation Version 3.8.7.Final
2022-08-17 19:48:28,426 INFO  [org.wildfly.extension.elytron.oidc._private] (ServerService Thread Pool -- 52) WFLYOIDC0001: Activating WildFly Elytron OIDC Subsystem
2022-08-17 19:48:28,426 INFO  [org.jboss.as.clustering.infinispan] (ServerService Thread Pool -- 54) WFLYCLINF0001: Activating Infinispan subsystem.
2022-08-17 19:48:28,428 INFO  [org.wildfly.extension.io] (ServerService Thread Pool -- 55) WFLYIO001: Worker 'default' has auto-configured to 16 IO threads with 128 max task threads based on your 8 available processors
2022-08-17 19:48:28,435 INFO  [org.wildfly.extension.health] (ServerService Thread Pool -- 53) WFLYHEALTH0001: Activating Base Health Subsystem
2022-08-17 19:48:28,446 INFO  [org.jboss.as.jaxrs] (ServerService Thread Pool -- 56) WFLYRS0016: RESTEasy version 4.7.6.Final
2022-08-17 19:48:28,451 INFO  [org.wildfly.extension.microprofile.config.smallrye] (ServerService Thread Pool -- 64) WFLYCONF0001: Activating MicroProfile Config Subsystem
2022-08-17 19:48:28,458 INFO  [org.wildfly.extension.microprofile.jwt.smallrye] (ServerService Thread Pool -- 65) WFLYJWT0001: Activating MicroProfile JWT Subsystem
2022-08-17 19:48:28,462 WARN  [org.jboss.as.txn] (ServerService Thread Pool -- 74) WFLYTX0013: The node-identifier attribute on the /subsystem=transactions is set to the default value. This is a danger for environments running multiple servers. Please make sure the attribute value is unique.
2022-08-17 19:48:28,472 INFO  [org.jboss.as.jsf] (ServerService Thread Pool -- 61) WFLYJSF0007: Activated the following Jakarta Server Faces Implementations: [main]
2022-08-17 19:48:28,474 INFO  [org.wildfly.extension.metrics] (ServerService Thread Pool -- 63) WFLYMETRICS0001: Activating Base Metrics Subsystem
2022-08-17 19:48:28,476 INFO  [org.jboss.as.naming] (ServerService Thread Pool -- 67) WFLYNAM0001: Activating Naming Subsystem
2022-08-17 19:48:28,497 INFO  [org.wildfly.extension.microprofile.opentracing] (ServerService Thread Pool -- 66) WFLYTRACEXT0001: Activating MicroProfile OpenTracing Subsystem
2022-08-17 19:48:28,499 INFO  [org.jboss.remoting] (MSC service thread 1-3) JBoss Remoting version 5.0.24.Final
2022-08-17 19:48:28,500 INFO  [org.jboss.as.connector] (MSC service thread 1-5) WFLYJCA0009: Starting Jakarta Connectors Subsystem (WildFly/IronJacamar 1.5.3.Final)
2022-08-17 19:48:28,513 INFO  [org.jboss.as.webservices] (ServerService Thread Pool -- 76) WFLYWS0002: Activating WebServices Extension
2022-08-17 19:48:28,513 INFO  [org.jboss.as.connector.subsystems.datasources] (ServerService Thread Pool -- 44) WFLYJCA0004: Deploying JDBC-compliant driver class org.h2.Driver (version 1.4)
2022-08-17 19:48:28,518 INFO  [org.jboss.as.connector.deployers.jdbc] (MSC service thread 1-4) WFLYJCA0018: Started Driver service with driver-name = h2
2022-08-17 19:48:28,557 INFO  [org.jboss.as.naming] (MSC service thread 1-2) WFLYNAM0003: Starting Naming Service
2022-08-17 19:48:28,562 INFO  [org.jboss.as.mail.extension] (MSC service thread 1-7) WFLYMAIL0001: Bound mail session [java:jboss/mail/Default]
2022-08-17 19:48:28,579 INFO  [org.wildfly.extension.undertow] (MSC service thread 1-3) WFLYUT0003: Undertow 2.2.17.Final starting
2022-08-17 19:48:28,599 WARN  [org.wildfly.extension.elytron] (MSC service thread 1-3) WFLYELY00023: KeyStore file '/home/kraus/Descargas/web-app-jaxws/target/server/standalone/configuration/application.keystore' does not exist. Used blank.
2022-08-17 19:48:28,629 WARN  [org.wildfly.extension.elytron] (MSC service thread 1-8) WFLYELY01084: KeyStore /home/kraus/Descargas/web-app-jaxws/target/server/standalone/configuration/application.keystore not found, it will be auto generated on first use with a self-signed certificate for host localhost
2022-08-17 19:48:28,675 INFO  [org.jboss.as.ejb3] (MSC service thread 1-6) WFLYEJB0482: Strict pool mdb-strict-max-pool is using a max instance size of 32 (per class), which is derived from the number of CPUs on this host.
2022-08-17 19:48:28,680 INFO  [org.jboss.as.ejb3] (MSC service thread 1-2) WFLYEJB0481: Strict pool slsb-strict-max-pool is using a max instance size of 128 (per class), which is derived from thread worker pool sizing.
2022-08-17 19:48:28,704 INFO  [org.wildfly.extension.undertow] (ServerService Thread Pool -- 75) WFLYUT0014: Creating file handler for path '/home/kraus/Descargas/web-app-jaxws/target/server/welcome-content' with options [directory-listing: 'false', follow-symlink: 'false', case-sensitive: 'true', safe-symlink-paths: '[]']
2022-08-17 19:48:28,709 INFO  [org.wildfly.extension.undertow] (MSC service thread 1-2) WFLYUT0012: Started server default-server.
2022-08-17 19:48:28,710 INFO  [org.wildfly.extension.undertow] (MSC service thread 1-7) Queuing requests.
2022-08-17 19:48:28,711 INFO  [org.wildfly.extension.undertow] (MSC service thread 1-7) WFLYUT0018: Host default-host starting
2022-08-17 19:48:28,732 ERROR [org.jboss.msc.service.fail] (MSC service thread 1-7) MSC000001: Failed to start service org.wildfly.undertow.listener.default: org.jboss.msc.service.StartException in service org.wildfly.undertow.listener.default: La dirección ya se está usando /127.0.0.1:8080
	at org.wildfly.extension.undertow@26.1.1.Final//org.wildfly.extension.undertow.ListenerService.start(ListenerService.java:212)
	at org.jboss.msc@1.4.13.Final//org.jboss.msc.service.ServiceControllerImpl$StartTask.startService(ServiceControllerImpl.java:1739)
	at org.jboss.msc@1.4.13.Final//org.jboss.msc.service.ServiceControllerImpl$StartTask.execute(ServiceControllerImpl.java:1701)
	at org.jboss.msc@1.4.13.Final//org.jboss.msc.service.ServiceControllerImpl$ControllerTask.run(ServiceControllerImpl.java:1559)
	at org.jboss.threads@2.4.0.Final//org.jboss.threads.ContextClassLoaderSavingRunnable.run(ContextClassLoaderSavingRunnable.java:35)
	at org.jboss.threads@2.4.0.Final//org.jboss.threads.EnhancedQueueExecutor.safeRun(EnhancedQueueExecutor.java:1990)
	at org.jboss.threads@2.4.0.Final//org.jboss.threads.EnhancedQueueExecutor$ThreadBody.doRunTask(EnhancedQueueExecutor.java:1486)
	at org.jboss.threads@2.4.0.Final//org.jboss.threads.EnhancedQueueExecutor$ThreadBody.run(EnhancedQueueExecutor.java:1377)
	at java.base/java.lang.Thread.run(Thread.java:833)

2022-08-17 19:48:28,781 ERROR [org.jboss.msc.service.fail] (MSC service thread 1-5) MSC000001: Failed to start service org.wildfly.management.http.extensible: org.jboss.msc.service.StartException in service org.wildfly.management.http.extensible: java.net.BindException: La dirección ya se está usando /127.0.0.1:9990
	at org.jboss.as.server@18.1.1.Final//org.jboss.as.server.mgmt.UndertowHttpManagementService.start(UndertowHttpManagementService.java:386)
	at org.jboss.msc@1.4.13.Final//org.jboss.msc.service.ServiceControllerImpl$StartTask.startService(ServiceControllerImpl.java:1739)
	at org.jboss.msc@1.4.13.Final//org.jboss.msc.service.ServiceControllerImpl$StartTask.execute(ServiceControllerImpl.java:1701)
	at org.jboss.msc@1.4.13.Final//org.jboss.msc.service.ServiceControllerImpl$ControllerTask.run(ServiceControllerImpl.java:1559)
	at org.jboss.threads@2.4.0.Final//org.jboss.threads.ContextClassLoaderSavingRunnable.run(ContextClassLoaderSavingRunnable.java:35)
	at org.jboss.threads@2.4.0.Final//org.jboss.threads.EnhancedQueueExecutor.safeRun(EnhancedQueueExecutor.java:1990)
	at org.jboss.threads@2.4.0.Final//org.jboss.threads.EnhancedQueueExecutor$ThreadBody.doRunTask(EnhancedQueueExecutor.java:1486)
	at org.jboss.threads@2.4.0.Final//org.jboss.threads.EnhancedQueueExecutor$ThreadBody.run(EnhancedQueueExecutor.java:1363)
	at java.base/java.lang.Thread.run(Thread.java:833)

2022-08-17 19:48:28,822 INFO  [org.jboss.as.ejb3] (MSC service thread 1-2) WFLYEJB0493: Jakarta Enterprise Beans subsystem suspension complete
2022-08-17 19:48:28,870 ERROR [org.jboss.msc.service.fail] (MSC service thread 1-5) MSC000001: Failed to start service org.wildfly.undertow.listener.https: org.jboss.msc.service.StartException in service org.wildfly.undertow.listener.https: La dirección ya se está usando /127.0.0.1:8443
	at org.wildfly.extension.undertow@26.1.1.Final//org.wildfly.extension.undertow.ListenerService.start(ListenerService.java:212)
	at org.jboss.msc@1.4.13.Final//org.jboss.msc.service.ServiceControllerImpl$StartTask.startService(ServiceControllerImpl.java:1739)
	at org.jboss.msc@1.4.13.Final//org.jboss.msc.service.ServiceControllerImpl$StartTask.execute(ServiceControllerImpl.java:1701)
	at org.jboss.msc@1.4.13.Final//org.jboss.msc.service.ServiceControllerImpl$ControllerTask.run(ServiceControllerImpl.java:1559)
	at org.jboss.threads@2.4.0.Final//org.jboss.threads.ContextClassLoaderSavingRunnable.run(ContextClassLoaderSavingRunnable.java:35)
	at org.jboss.threads@2.4.0.Final//org.jboss.threads.EnhancedQueueExecutor.safeRun(EnhancedQueueExecutor.java:1990)
	at org.jboss.threads@2.4.0.Final//org.jboss.threads.EnhancedQueueExecutor$ThreadBody.doRunTask(EnhancedQueueExecutor.java:1486)
	at org.jboss.threads@2.4.0.Final//org.jboss.threads.EnhancedQueueExecutor$ThreadBody.run(EnhancedQueueExecutor.java:1377)
	at java.base/java.lang.Thread.run(Thread.java:833)

2022-08-17 19:48:28,901 INFO  [org.jboss.as.connector.subsystems.datasources] (MSC service thread 1-5) WFLYJCA0001: Bound data source [java:jboss/datasources/ExampleDS]
2022-08-17 19:48:29,133 INFO  [org.jboss.as.patching] (MSC service thread 1-5) WFLYPAT0050: WildFly Full cumulative patch ID is: base, one-off patches include: none
2022-08-17 19:48:29,137 INFO  [org.jboss.as.server.deployment.scanner] (MSC service thread 1-6) WFLYDS0013: Started FileSystemDeploymentService for directory /home/kraus/Descargas/web-app-jaxws/target/server/standalone/deployments
2022-08-17 19:48:29,141 ERROR [org.jboss.as.controller.management-operation] (Controller Boot Thread) WFLYCTL0013: Operation ("add") failed - address: ([
    ("core-service" => "management"),
    ("management-interface" => "http-interface")
]) - failure description: {
    "WFLYCTL0080: Failed services" => {"org.wildfly.management.http.extensible" => "java.net.BindException: La dirección ya se está usando /127.0.0.1:9990"},
    "WFLYCTL0412: Required services that are not installed:" => ["jboss.http-upgrade-registry.http-management"],
    "WFLYCTL0180: Services with missing/unavailable dependencies" => ["jboss.remoting.remoting-http-upgrade-service.http-management is missing [jboss.http-upgrade-registry.http-management]"]
}
2022-08-17 19:48:29,189 ERROR [org.jboss.as.controller.management-operation] (Controller Boot Thread) WFLYCTL0013: Operation ("add") failed - address: ([
    ("subsystem" => "remoting"),
    ("http-connector" => "http-remoting-connector")
]) - failure description: {
    "WFLYCTL0412: Required services that are not installed:" => ["jboss.http-upgrade-registry.default"],
    "WFLYCTL0180: Services with missing/unavailable dependencies" => ["jboss.remoting.remoting-http-upgrade-service.http-remoting-connector is missing [jboss.http-upgrade-registry.default]"]
}
2022-08-17 19:48:29,190 ERROR [org.jboss.as.controller.management-operation] (Controller Boot Thread) WFLYCTL0013: Operation ("add") failed - address: ([
    ("subsystem" => "undertow"),
    ("server" => "default-server"),
    ("http-listener" => "default")
]) - failure description: {"WFLYCTL0080: Failed services" => {"org.wildfly.undertow.listener.default" => "La dirección ya se está usando /127.0.0.1:8080"}}
2022-08-17 19:48:29,190 ERROR [org.jboss.as.controller.management-operation] (Controller Boot Thread) WFLYCTL0013: Operation ("add") failed - address: ([
    ("subsystem" => "undertow"),
    ("server" => "default-server"),
    ("https-listener" => "https")
]) - failure description: {"WFLYCTL0080: Failed services" => {"org.wildfly.undertow.listener.https" => "La dirección ya se está usando /127.0.0.1:8443"}}
2022-08-17 19:48:29,192 ERROR [org.jboss.as.controller] (Controller Boot Thread) WFLYCTL0459: Triggering roll back due to missing management services.
2022-08-17 19:48:29,192 ERROR [org.jboss.as.controller.management-operation] (Controller Boot Thread) WFLYCTL0013: Operation ("add") failed - address: ([
    ("core-service" => "management"),
    ("management-interface" => "http-interface")
]) - failure description: {
    "WFLYCTL0080: Failed services" => {"org.wildfly.management.http.extensible" => "java.net.BindException: La dirección ya se está usando /127.0.0.1:9990"},
    "WFLYCTL0412: Required services that are not installed:" => ["jboss.http-upgrade-registry.http-management"],
    "WFLYCTL0180: Services with missing/unavailable dependencies" => ["jboss.remoting.remoting-http-upgrade-service.http-management is missing [jboss.http-upgrade-registry.http-management]"]
}
2022-08-17 19:48:29,200 INFO  [org.jboss.as.mail.extension] (MSC service thread 1-5) WFLYMAIL0002: Unbound mail session [java:jboss/mail/Default]
2022-08-17 19:48:29,204 INFO  [org.jboss.as.connector.subsystems.datasources] (MSC service thread 1-1) WFLYJCA0010: Unbound data source [java:jboss/datasources/ExampleDS]
2022-08-17 19:48:29,204 INFO  [org.wildfly.extension.undertow] (MSC service thread 1-7) WFLYUT0019: Host default-host stopping
2022-08-17 19:48:29,206 INFO  [org.wildfly.extension.undertow] (MSC service thread 1-1) WFLYUT0004: Undertow 2.2.17.Final stopping
2022-08-17 19:48:29,209 INFO  [org.jboss.as.connector.deployers.jdbc] (MSC service thread 1-3) WFLYJCA0019: Stopped Driver service with driver-name = h2
2022-08-17 19:48:29,222 FATAL [org.jboss.as.server] (Controller Boot Thread) WFLYSRV0056: Server boot has failed in an unrecoverable manner; exiting. See previous messages for details. - Server configuration file in use: standalone.xml
2022-08-17 19:48:29,229 INFO  [org.jboss.as] (MSC service thread 1-4) WFLYSRV0050: WildFly Full 26.1.1.Final (WildFly Core 18.1.1.Final) stopped in 4ms
2022-08-17 19:51:48,018 INFO  [org.jboss.modules] (main) JBoss Modules version 2.0.2.Final
2022-08-17 19:51:48,502 INFO  [org.jboss.msc] (main) JBoss MSC version 1.4.13.Final
2022-08-17 19:51:48,509 INFO  [org.jboss.threads] (main) JBoss Threads version 2.4.0.Final
2022-08-17 19:51:48,588 INFO  [org.jboss.as] (MSC service thread 1-2) WFLYSRV0049: WildFly Full 26.1.1.Final (WildFly Core 18.1.1.Final) starting
2022-08-17 19:51:48,589 DEBUG [org.jboss.as.config] (MSC service thread 1-2) Configured system properties:
	[Standalone] = 
	file.encoding = UTF-8
	file.separator = /
	java.awt.headless = true
	java.class.path = /home/kraus/Descargas/web-app-jaxws/target/server/jboss-modules.jar
	java.class.version = 62.0
	java.home = /home/kraus/.jdks/openjdk-18.0.2
	java.io.tmpdir = /tmp
	java.library.path = :/usr/java/packages/lib:/usr/lib64:/lib64:/lib:/usr/lib
	java.net.preferIPv4Stack = true
	java.runtime.name = OpenJDK Runtime Environment
	java.runtime.version = 18.0.2+9-61
	java.specification.name = Java Platform API Specification
	java.specification.vendor = Oracle Corporation
	java.specification.version = 18
	java.util.logging.manager = org.jboss.logmanager.LogManager
	java.vendor = Oracle Corporation
	java.vendor.url = https://java.oracle.com/
	java.vendor.url.bug = https://bugreport.java.com/bugreport/
	java.version = 18.0.2
	java.version.date = 2022-07-19
	java.vm.compressedOopsMode = 32-bit
	java.vm.info = mixed mode, sharing
	java.vm.name = OpenJDK 64-Bit Server VM
	java.vm.specification.name = Java Virtual Machine Specification
	java.vm.specification.vendor = Oracle Corporation
	java.vm.specification.version = 18
	java.vm.vendor = Oracle Corporation
	java.vm.version = 18.0.2+9-61
	javax.management.builder.initial = org.jboss.as.jmx.PluggableMBeanServerBuilder
	jboss.home.dir = /home/kraus/Descargas/web-app-jaxws/target/server
	jboss.host.name = jared-12
	jboss.modules.dir = /home/kraus/Descargas/web-app-jaxws/target/server/modules
	jboss.modules.system.pkgs = org.jboss.byteman
	jboss.node.name = jared-12
	jboss.qualified.host.name = jared-12
	jboss.server.base.dir = /home/kraus/Descargas/web-app-jaxws/target/server/standalone
	jboss.server.config.dir = /home/kraus/Descargas/web-app-jaxws/target/server/standalone/configuration
	jboss.server.data.dir = /home/kraus/Descargas/web-app-jaxws/target/server/standalone/data
	jboss.server.deploy.dir = /home/kraus/Descargas/web-app-jaxws/target/server/standalone/data/content
	jboss.server.log.dir = /home/kraus/Descargas/web-app-jaxws/target/server/standalone/log
	jboss.server.name = jared-12
	jboss.server.persist.config = true
	jboss.server.temp.dir = /home/kraus/Descargas/web-app-jaxws/target/server/standalone/tmp
	jdk.debug = release
	line.separator = 

	logging.configuration = file:/home/kraus/Descargas/web-app-jaxws/target/server/standalone/configuration/logging.properties
	module.path = /home/kraus/Descargas/web-app-jaxws/target/server/modules
	native.encoding = UTF-8
	org.jboss.boot.log.file = /home/kraus/Descargas/web-app-jaxws/target/server/standalone/log/server.log
	org.jboss.resolver.warning = true
	os.arch = amd64
	os.name = Linux
	os.version = 5.15.0-46-generic
	path.separator = :
	sun.arch.data.model = 64
	sun.boot.library.path = /home/kraus/.jdks/openjdk-18.0.2/lib
	sun.cpu.endian = little
	sun.io.unicode.encoding = UnicodeLittle
	sun.java.command = /home/kraus/Descargas/web-app-jaxws/target/server/jboss-modules.jar -mp /home/kraus/Descargas/web-app-jaxws/target/server/modules org.jboss.as.standalone
	sun.java.launcher = SUN_STANDARD
	sun.jnu.encoding = UTF-8
	sun.management.compiler = HotSpot 64-Bit Tiered Compilers
	user.country = SV
	user.dir = /home/kraus/Descargas/web-app-jaxws
	user.home = /home/kraus
	user.language = es
	user.name = kraus
	user.timezone = America/El_Salvador
2022-08-17 19:51:48,591 DEBUG [org.jboss.as.config] (MSC service thread 1-2) VM Arguments: -D[Standalone] -Xms64m -Xmx512m -Djava.net.preferIPv4Stack=true -Djava.awt.headless=true -Djboss.modules.system.pkgs=org.jboss.byteman --add-exports=java.desktop/sun.awt=ALL-UNNAMED --add-exports=java.naming/com.sun.jndi.ldap=ALL-UNNAMED --add-opens=java.base/java.lang=ALL-UNNAMED --add-opens=java.base/java.lang.invoke=ALL-UNNAMED --add-opens=java.base/java.lang.reflect=ALL-UNNAMED --add-opens=java.base/java.io=ALL-UNNAMED --add-opens=java.base/java.security=ALL-UNNAMED --add-opens=java.base/java.util=ALL-UNNAMED --add-opens=java.base/java.util.concurrent=ALL-UNNAMED --add-opens=java.management/javax.management=ALL-UNNAMED --add-opens=java.naming/javax.naming=ALL-UNNAMED --add-modules=java.se -Djboss.home.dir=/home/kraus/Descargas/web-app-jaxws/target/server -Djboss.server.base.dir=/home/kraus/Descargas/web-app-jaxws/target/server/standalone -Djboss.server.log.dir=/home/kraus/Descargas/web-app-jaxws/target/server/standalone/log -Djboss.server.config.dir=/home/kraus/Descargas/web-app-jaxws/target/server/standalone/configuration -Dorg.jboss.boot.log.file=/home/kraus/Descargas/web-app-jaxws/target/server/standalone/log/server.log -Dlogging.configuration=file:/home/kraus/Descargas/web-app-jaxws/target/server/standalone/configuration/logging.properties 
2022-08-17 19:51:49,130 INFO  [org.wildfly.security] (ServerService Thread Pool -- 22) ELY00001: WildFly Elytron version 1.19.0.Final
2022-08-17 19:51:49,578 INFO  [org.jboss.as.server] (Controller Boot Thread) WFLYSRV0039: Creating http management service using socket-binding (management-http)
2022-08-17 19:51:49,588 INFO  [org.xnio] (MSC service thread 1-4) XNIO version 3.8.7.Final
2022-08-17 19:51:49,592 INFO  [org.xnio.nio] (MSC service thread 1-4) XNIO NIO Implementation Version 3.8.7.Final
2022-08-17 19:51:49,605 INFO  [org.wildfly.extension.elytron.oidc._private] (ServerService Thread Pool -- 52) WFLYOIDC0001: Activating WildFly Elytron OIDC Subsystem
2022-08-17 19:51:49,610 INFO  [org.jboss.as.jaxrs] (ServerService Thread Pool -- 56) WFLYRS0016: RESTEasy version 4.7.6.Final
2022-08-17 19:51:49,611 INFO  [org.jboss.as.clustering.infinispan] (ServerService Thread Pool -- 54) WFLYCLINF0001: Activating Infinispan subsystem.
2022-08-17 19:51:49,617 INFO  [org.wildfly.extension.health] (ServerService Thread Pool -- 53) WFLYHEALTH0001: Activating Base Health Subsystem
2022-08-17 19:51:49,619 INFO  [org.wildfly.extension.io] (ServerService Thread Pool -- 55) WFLYIO001: Worker 'default' has auto-configured to 16 IO threads with 128 max task threads based on your 8 available processors
2022-08-17 19:51:49,639 INFO  [org.wildfly.extension.microprofile.jwt.smallrye] (ServerService Thread Pool -- 65) WFLYJWT0001: Activating MicroProfile JWT Subsystem
2022-08-17 19:51:49,646 INFO  [org.jboss.as.connector] (MSC service thread 1-4) WFLYJCA0009: Starting Jakarta Connectors Subsystem (WildFly/IronJacamar 1.5.3.Final)
2022-08-17 19:51:49,644 INFO  [org.wildfly.extension.microprofile.config.smallrye] (ServerService Thread Pool -- 64) WFLYCONF0001: Activating MicroProfile Config Subsystem
2022-08-17 19:51:49,650 INFO  [org.jboss.as.naming] (ServerService Thread Pool -- 67) WFLYNAM0001: Activating Naming Subsystem
2022-08-17 19:51:49,653 WARN  [org.jboss.as.txn] (ServerService Thread Pool -- 74) WFLYTX0013: The node-identifier attribute on the /subsystem=transactions is set to the default value. This is a danger for environments running multiple servers. Please make sure the attribute value is unique.
2022-08-17 19:51:49,661 INFO  [org.jboss.as.jsf] (ServerService Thread Pool -- 61) WFLYJSF0007: Activated the following Jakarta Server Faces Implementations: [main]
2022-08-17 19:51:49,663 INFO  [org.wildfly.extension.metrics] (ServerService Thread Pool -- 63) WFLYMETRICS0001: Activating Base Metrics Subsystem
2022-08-17 19:51:49,664 INFO  [org.jboss.as.connector.subsystems.datasources] (ServerService Thread Pool -- 44) WFLYJCA0004: Deploying JDBC-compliant driver class org.h2.Driver (version 1.4)
2022-08-17 19:51:49,683 INFO  [org.jboss.remoting] (MSC service thread 1-1) JBoss Remoting version 5.0.24.Final
2022-08-17 19:51:49,685 INFO  [org.wildfly.extension.microprofile.opentracing] (ServerService Thread Pool -- 66) WFLYTRACEXT0001: Activating MicroProfile OpenTracing Subsystem
2022-08-17 19:51:49,687 INFO  [org.jboss.as.connector.deployers.jdbc] (MSC service thread 1-5) WFLYJCA0018: Started Driver service with driver-name = h2
2022-08-17 19:51:49,690 INFO  [org.jboss.as.webservices] (ServerService Thread Pool -- 76) WFLYWS0002: Activating WebServices Extension
2022-08-17 19:51:49,719 INFO  [org.jboss.as.naming] (MSC service thread 1-6) WFLYNAM0003: Starting Naming Service
2022-08-17 19:51:49,732 INFO  [org.jboss.as.mail.extension] (MSC service thread 1-8) WFLYMAIL0001: Bound mail session [java:jboss/mail/Default]
2022-08-17 19:51:49,793 INFO  [org.wildfly.extension.undertow] (MSC service thread 1-8) WFLYUT0003: Undertow 2.2.17.Final starting
2022-08-17 19:51:49,854 WARN  [org.wildfly.extension.elytron] (MSC service thread 1-3) WFLYELY00023: KeyStore file '/home/kraus/Descargas/web-app-jaxws/target/server/standalone/configuration/application.keystore' does not exist. Used blank.
2022-08-17 19:51:49,886 WARN  [org.wildfly.extension.elytron] (MSC service thread 1-3) WFLYELY01084: KeyStore /home/kraus/Descargas/web-app-jaxws/target/server/standalone/configuration/application.keystore not found, it will be auto generated on first use with a self-signed certificate for host localhost
2022-08-17 19:51:49,903 INFO  [org.jboss.as.ejb3] (MSC service thread 1-5) WFLYEJB0481: Strict pool slsb-strict-max-pool is using a max instance size of 128 (per class), which is derived from thread worker pool sizing.
2022-08-17 19:51:49,903 INFO  [org.jboss.as.ejb3] (MSC service thread 1-1) WFLYEJB0482: Strict pool mdb-strict-max-pool is using a max instance size of 32 (per class), which is derived from the number of CPUs on this host.
2022-08-17 19:51:49,944 INFO  [org.wildfly.extension.undertow] (MSC service thread 1-8) WFLYUT0012: Started server default-server.
2022-08-17 19:51:49,942 INFO  [org.wildfly.extension.undertow] (ServerService Thread Pool -- 75) WFLYUT0014: Creating file handler for path '/home/kraus/Descargas/web-app-jaxws/target/server/welcome-content' with options [directory-listing: 'false', follow-symlink: 'false', case-sensitive: 'true', safe-symlink-paths: '[]']
2022-08-17 19:51:49,945 INFO  [org.wildfly.extension.undertow] (MSC service thread 1-3) Queuing requests.
2022-08-17 19:51:49,946 INFO  [org.wildfly.extension.undertow] (MSC service thread 1-3) WFLYUT0018: Host default-host starting
2022-08-17 19:51:50,000 INFO  [org.wildfly.extension.undertow] (MSC service thread 1-5) WFLYUT0006: Undertow HTTP listener default listening on 127.0.0.1:8080
2022-08-17 19:51:50,091 INFO  [org.jboss.as.ejb3] (MSC service thread 1-1) WFLYEJB0493: Jakarta Enterprise Beans subsystem suspension complete
2022-08-17 19:51:50,136 INFO  [org.wildfly.extension.undertow] (MSC service thread 1-6) WFLYUT0006: Undertow HTTPS listener https listening on 127.0.0.1:8443
2022-08-17 19:51:50,144 INFO  [org.jboss.as.connector.subsystems.datasources] (MSC service thread 1-2) WFLYJCA0001: Bound data source [java:jboss/datasources/ExampleDS]
2022-08-17 19:51:50,360 INFO  [org.jboss.as.patching] (MSC service thread 1-6) WFLYPAT0050: WildFly Full cumulative patch ID is: base, one-off patches include: none
2022-08-17 19:51:50,365 INFO  [org.jboss.as.server.deployment.scanner] (MSC service thread 1-7) WFLYDS0013: Started FileSystemDeploymentService for directory /home/kraus/Descargas/web-app-jaxws/target/server/standalone/deployments
2022-08-17 19:51:50,404 INFO  [org.jboss.ws.common.management] (MSC service thread 1-3) JBWS022052: Starting JBossWS 5.4.4.Final (Apache CXF 3.4.5) 
2022-08-17 19:51:50,485 INFO  [org.jboss.as.server] (Controller Boot Thread) WFLYSRV0212: Resuming server
2022-08-17 19:51:50,487 INFO  [org.jboss.as] (Controller Boot Thread) WFLYSRV0025: WildFly Full 26.1.1.Final (WildFly Core 18.1.1.Final) started in 2878ms - Started 298 of 538 services (337 services are lazy, passive or on-demand) - Server configuration file in use: standalone.xml
2022-08-17 19:51:50,489 INFO  [org.jboss.as] (Controller Boot Thread) WFLYSRV0060: Http management interface listening on http://127.0.0.1:9990/management
2022-08-17 19:51:50,489 INFO  [org.jboss.as] (Controller Boot Thread) WFLYSRV0051: Admin console listening on http://127.0.0.1:9990
2022-08-17 19:51:50,725 INFO  [org.jboss.as.repository] (management-handler-thread - 1) WFLYDR0001: Content added at location /home/kraus/Descargas/web-app-jaxws/target/server/standalone/data/content/90/65d3b6ff50e769d390594b3817d5d97b49723d/content
2022-08-17 19:51:50,819 INFO  [org.jboss.as.server.deployment] (MSC service thread 1-3) WFLYSRV0027: Starting deployment of "web-app-jaxws.war" (runtime-name: "web-app-jaxws.war")
2022-08-17 19:51:52,166 INFO  [org.infinispan.CONTAINER] (ServerService Thread Pool -- 78) ISPN000128: Infinispan version: Infinispan 'Triskaidekaphobia' 13.0.10.Final
2022-08-17 19:51:52,228 INFO  [org.infinispan.CONTAINER] (ServerService Thread Pool -- 78) ISPN000556: Starting user marshaller 'org.wildfly.clustering.infinispan.spi.marshalling.InfinispanProtoStreamMarshaller'
2022-08-17 19:51:52,501 INFO  [org.infinispan.CONFIG] (MSC service thread 1-8) ISPN000152: Passivation configured without an eviction policy being selected. Only manually evicted entities will be passivated.
2022-08-17 19:51:52,502 INFO  [org.infinispan.CONFIG] (MSC service thread 1-8) ISPN000152: Passivation configured without an eviction policy being selected. Only manually evicted entities will be passivated.
2022-08-17 19:51:52,512 INFO  [org.infinispan.CONTAINER] (ServerService Thread Pool -- 78) ISPN000025: wakeUpInterval is <= 0, not starting expired purge thread
2022-08-17 19:51:52,515 INFO  [org.jboss.as.clustering.infinispan] (ServerService Thread Pool -- 78) WFLYCLINF0002: Started http-remoting-connector cache from ejb container
2022-08-17 19:51:52,586 INFO  [org.wildfly.extension.undertow] (ServerService Thread Pool -- 30) WFLYUT0021: Registered web context: '/web-app-jaxws' for server 'default-server'
2022-08-17 19:51:52,617 INFO  [org.jboss.as.server] (management-handler-thread - 1) WFLYSRV0010: Deployed "web-app-jaxws.war" (runtime-name : "web-app-jaxws.war")
2022-08-17 19:55:11,531 INFO  [org.jboss.as.server] (Thread-1) WFLYSRV0272: Suspending server
2022-08-17 19:55:11,534 INFO  [org.jboss.as.ejb3] (Thread-1) WFLYEJB0493: Jakarta Enterprise Beans subsystem suspension complete
2022-08-17 19:55:11,537 INFO  [org.jboss.as.server] (Thread-1) WFLYSRV0220: Server shutdown has been requested via an OS signal
2022-08-17 19:55:11,545 INFO  [org.jboss.as.mail.extension] (MSC service thread 1-2) WFLYMAIL0002: Unbound mail session [java:jboss/mail/Default]
2022-08-17 19:55:11,545 INFO  [org.wildfly.extension.undertow] (ServerService Thread Pool -- 30) WFLYUT0022: Unregistered web context: '/web-app-jaxws' from server 'default-server'
2022-08-17 19:55:11,549 INFO  [org.jboss.as.connector.subsystems.datasources] (MSC service thread 1-8) WFLYJCA0010: Unbound data source [java:jboss/datasources/ExampleDS]
2022-08-17 19:55:11,549 INFO  [org.wildfly.extension.undertow] (MSC service thread 1-1) WFLYUT0019: Host default-host stopping
2022-08-17 19:55:11,551 INFO  [org.jboss.as.connector.deployers.jdbc] (MSC service thread 1-4) WFLYJCA0019: Stopped Driver service with driver-name = h2
2022-08-17 19:55:11,557 INFO  [org.jboss.as.clustering.infinispan] (ServerService Thread Pool -- 82) WFLYCLINF0003: Stopped http-remoting-connector cache from ejb container
2022-08-17 19:55:11,565 INFO  [org.wildfly.extension.undertow] (MSC service thread 1-8) WFLYUT0008: Undertow HTTPS listener https suspending
2022-08-17 19:55:11,565 INFO  [org.wildfly.extension.undertow] (MSC service thread 1-5) WFLYUT0008: Undertow HTTP listener default suspending
2022-08-17 19:55:11,565 INFO  [org.wildfly.extension.undertow] (MSC service thread 1-5) WFLYUT0007: Undertow HTTP listener default stopped, was bound to 127.0.0.1:8080
2022-08-17 19:55:11,565 INFO  [org.wildfly.extension.undertow] (MSC service thread 1-8) WFLYUT0007: Undertow HTTPS listener https stopped, was bound to 127.0.0.1:8443
2022-08-17 19:55:11,567 INFO  [org.wildfly.extension.undertow] (MSC service thread 1-1) WFLYUT0004: Undertow 2.2.17.Final stopping
2022-08-17 19:55:11,581 INFO  [org.jboss.as.server.deployment] (MSC service thread 1-6) WFLYSRV0028: Stopped deployment web-app-jaxws.war (runtime-name: web-app-jaxws.war) in 41ms
2022-08-17 19:55:11,586 INFO  [org.jboss.as] (MSC service thread 1-3) WFLYSRV0050: WildFly Full 26.1.1.Final (WildFly Core 18.1.1.Final) stopped in 46ms
2022-08-17 19:55:31,898 INFO  [org.jboss.modules] (main) JBoss Modules version 2.0.2.Final
2022-08-17 19:55:32,300 INFO  [org.jboss.msc] (main) JBoss MSC version 1.4.13.Final
2022-08-17 19:55:32,306 INFO  [org.jboss.threads] (main) JBoss Threads version 2.4.0.Final
2022-08-17 19:55:32,391 INFO  [org.jboss.as] (MSC service thread 1-1) WFLYSRV0049: WildFly Full 26.1.1.Final (WildFly Core 18.1.1.Final) starting
2022-08-17 19:55:32,392 DEBUG [org.jboss.as.config] (MSC service thread 1-1) Configured system properties:
	[Standalone] = 
	file.encoding = UTF-8
	file.separator = /
	java.awt.headless = true
	java.class.path = /home/kraus/Descargas/web-app-jaxws/target/server/jboss-modules.jar
	java.class.version = 62.0
	java.home = /home/kraus/.jdks/openjdk-18.0.2
	java.io.tmpdir = /tmp
	java.library.path = :/usr/java/packages/lib:/usr/lib64:/lib64:/lib:/usr/lib
	java.net.preferIPv4Stack = true
	java.runtime.name = OpenJDK Runtime Environment
	java.runtime.version = 18.0.2+9-61
	java.specification.name = Java Platform API Specification
	java.specification.vendor = Oracle Corporation
	java.specification.version = 18
	java.util.logging.manager = org.jboss.logmanager.LogManager
	java.vendor = Oracle Corporation
	java.vendor.url = https://java.oracle.com/
	java.vendor.url.bug = https://bugreport.java.com/bugreport/
	java.version = 18.0.2
	java.version.date = 2022-07-19
	java.vm.compressedOopsMode = 32-bit
	java.vm.info = mixed mode, sharing
	java.vm.name = OpenJDK 64-Bit Server VM
	java.vm.specification.name = Java Virtual Machine Specification
	java.vm.specification.vendor = Oracle Corporation
	java.vm.specification.version = 18
	java.vm.vendor = Oracle Corporation
	java.vm.version = 18.0.2+9-61
	javax.management.builder.initial = org.jboss.as.jmx.PluggableMBeanServerBuilder
	jboss.home.dir = /home/kraus/Descargas/web-app-jaxws/target/server
	jboss.host.name = jared-12
	jboss.modules.dir = /home/kraus/Descargas/web-app-jaxws/target/server/modules
	jboss.modules.system.pkgs = org.jboss.byteman
	jboss.node.name = jared-12
	jboss.qualified.host.name = jared-12
	jboss.server.base.dir = /home/kraus/Descargas/web-app-jaxws/target/server/standalone
	jboss.server.config.dir = /home/kraus/Descargas/web-app-jaxws/target/server/standalone/configuration
	jboss.server.data.dir = /home/kraus/Descargas/web-app-jaxws/target/server/standalone/data
	jboss.server.deploy.dir = /home/kraus/Descargas/web-app-jaxws/target/server/standalone/data/content
	jboss.server.log.dir = /home/kraus/Descargas/web-app-jaxws/target/server/standalone/log
	jboss.server.name = jared-12
	jboss.server.persist.config = true
	jboss.server.temp.dir = /home/kraus/Descargas/web-app-jaxws/target/server/standalone/tmp
	jdk.debug = release
	line.separator = 

	logging.configuration = file:/home/kraus/Descargas/web-app-jaxws/target/server/standalone/configuration/logging.properties
	module.path = /home/kraus/Descargas/web-app-jaxws/target/server/modules
	native.encoding = UTF-8
	org.jboss.boot.log.file = /home/kraus/Descargas/web-app-jaxws/target/server/standalone/log/server.log
	org.jboss.resolver.warning = true
	os.arch = amd64
	os.name = Linux
	os.version = 5.15.0-46-generic
	path.separator = :
	sun.arch.data.model = 64
	sun.boot.library.path = /home/kraus/.jdks/openjdk-18.0.2/lib
	sun.cpu.endian = little
	sun.io.unicode.encoding = UnicodeLittle
	sun.java.command = /home/kraus/Descargas/web-app-jaxws/target/server/jboss-modules.jar -mp /home/kraus/Descargas/web-app-jaxws/target/server/modules org.jboss.as.standalone
	sun.java.launcher = SUN_STANDARD
	sun.jnu.encoding = UTF-8
	sun.management.compiler = HotSpot 64-Bit Tiered Compilers
	user.country = SV
	user.dir = /home/kraus/Descargas/web-app-jaxws
	user.home = /home/kraus
	user.language = es
	user.name = kraus
	user.timezone = America/El_Salvador
2022-08-17 19:55:32,394 DEBUG [org.jboss.as.config] (MSC service thread 1-1) VM Arguments: -D[Standalone] -Xms64m -Xmx512m -Djava.net.preferIPv4Stack=true -Djava.awt.headless=true -Djboss.modules.system.pkgs=org.jboss.byteman --add-exports=java.desktop/sun.awt=ALL-UNNAMED --add-exports=java.naming/com.sun.jndi.ldap=ALL-UNNAMED --add-opens=java.base/java.lang=ALL-UNNAMED --add-opens=java.base/java.lang.invoke=ALL-UNNAMED --add-opens=java.base/java.lang.reflect=ALL-UNNAMED --add-opens=java.base/java.io=ALL-UNNAMED --add-opens=java.base/java.security=ALL-UNNAMED --add-opens=java.base/java.util=ALL-UNNAMED --add-opens=java.base/java.util.concurrent=ALL-UNNAMED --add-opens=java.management/javax.management=ALL-UNNAMED --add-opens=java.naming/javax.naming=ALL-UNNAMED --add-modules=java.se -Djboss.home.dir=/home/kraus/Descargas/web-app-jaxws/target/server -Djboss.server.base.dir=/home/kraus/Descargas/web-app-jaxws/target/server/standalone -Djboss.server.log.dir=/home/kraus/Descargas/web-app-jaxws/target/server/standalone/log -Djboss.server.config.dir=/home/kraus/Descargas/web-app-jaxws/target/server/standalone/configuration -Dorg.jboss.boot.log.file=/home/kraus/Descargas/web-app-jaxws/target/server/standalone/log/server.log -Dlogging.configuration=file:/home/kraus/Descargas/web-app-jaxws/target/server/standalone/configuration/logging.properties 
2022-08-17 19:55:32,952 INFO  [org.wildfly.security] (ServerService Thread Pool -- 4) ELY00001: WildFly Elytron version 1.19.0.Final
2022-08-17 19:55:33,459 INFO  [org.jboss.as.server] (Controller Boot Thread) WFLYSRV0039: Creating http management service using socket-binding (management-http)
2022-08-17 19:55:33,469 INFO  [org.xnio] (MSC service thread 1-6) XNIO version 3.8.7.Final
2022-08-17 19:55:33,474 INFO  [org.xnio.nio] (MSC service thread 1-6) XNIO NIO Implementation Version 3.8.7.Final
2022-08-17 19:55:33,501 INFO  [org.wildfly.extension.elytron.oidc._private] (ServerService Thread Pool -- 52) WFLYOIDC0001: Activating WildFly Elytron OIDC Subsystem
2022-08-17 19:55:33,513 INFO  [org.jboss.as.clustering.infinispan] (ServerService Thread Pool -- 54) WFLYCLINF0001: Activating Infinispan subsystem.
2022-08-17 19:55:33,515 INFO  [org.jboss.as.connector.subsystems.datasources] (ServerService Thread Pool -- 44) WFLYJCA0004: Deploying JDBC-compliant driver class org.h2.Driver (version 1.4)
2022-08-17 19:55:33,522 INFO  [org.jboss.as.jaxrs] (ServerService Thread Pool -- 56) WFLYRS0016: RESTEasy version 4.7.6.Final
2022-08-17 19:55:33,526 INFO  [org.wildfly.extension.microprofile.jwt.smallrye] (ServerService Thread Pool -- 65) WFLYJWT0001: Activating MicroProfile JWT Subsystem
2022-08-17 19:55:33,529 INFO  [org.wildfly.extension.health] (ServerService Thread Pool -- 53) WFLYHEALTH0001: Activating Base Health Subsystem
2022-08-17 19:55:33,534 INFO  [org.jboss.remoting] (MSC service thread 1-2) JBoss Remoting version 5.0.24.Final
2022-08-17 19:55:33,541 WARN  [org.jboss.as.txn] (ServerService Thread Pool -- 74) WFLYTX0013: The node-identifier attribute on the /subsystem=transactions is set to the default value. This is a danger for environments running multiple servers. Please make sure the attribute value is unique.
2022-08-17 19:55:33,542 INFO  [org.wildfly.extension.microprofile.config.smallrye] (ServerService Thread Pool -- 64) WFLYCONF0001: Activating MicroProfile Config Subsystem
2022-08-17 19:55:33,552 INFO  [org.wildfly.extension.microprofile.opentracing] (ServerService Thread Pool -- 66) WFLYTRACEXT0001: Activating MicroProfile OpenTracing Subsystem
2022-08-17 19:55:33,552 INFO  [org.jboss.as.jsf] (ServerService Thread Pool -- 61) WFLYJSF0007: Activated the following Jakarta Server Faces Implementations: [main]
2022-08-17 19:55:33,554 INFO  [org.jboss.as.naming] (ServerService Thread Pool -- 67) WFLYNAM0001: Activating Naming Subsystem
2022-08-17 19:55:33,557 INFO  [org.wildfly.extension.io] (ServerService Thread Pool -- 55) WFLYIO001: Worker 'default' has auto-configured to 16 IO threads with 128 max task threads based on your 8 available processors
2022-08-17 19:55:33,562 INFO  [org.jboss.as.webservices] (ServerService Thread Pool -- 76) WFLYWS0002: Activating WebServices Extension
2022-08-17 19:55:33,582 INFO  [org.jboss.as.connector] (MSC service thread 1-5) WFLYJCA0009: Starting Jakarta Connectors Subsystem (WildFly/IronJacamar 1.5.3.Final)
2022-08-17 19:55:33,589 INFO  [org.wildfly.extension.metrics] (ServerService Thread Pool -- 63) WFLYMETRICS0001: Activating Base Metrics Subsystem
2022-08-17 19:55:33,599 INFO  [org.jboss.as.connector.deployers.jdbc] (MSC service thread 1-7) WFLYJCA0018: Started Driver service with driver-name = h2
2022-08-17 19:55:33,636 INFO  [org.jboss.as.naming] (MSC service thread 1-1) WFLYNAM0003: Starting Naming Service
2022-08-17 19:55:33,637 INFO  [org.jboss.as.mail.extension] (MSC service thread 1-7) WFLYMAIL0001: Bound mail session [java:jboss/mail/Default]
2022-08-17 19:55:33,684 INFO  [org.wildfly.extension.undertow] (MSC service thread 1-1) WFLYUT0003: Undertow 2.2.17.Final starting
2022-08-17 19:55:33,770 WARN  [org.wildfly.extension.elytron] (MSC service thread 1-1) WFLYELY00023: KeyStore file '/home/kraus/Descargas/web-app-jaxws/target/server/standalone/configuration/application.keystore' does not exist. Used blank.
2022-08-17 19:55:33,806 WARN  [org.wildfly.extension.elytron] (MSC service thread 1-4) WFLYELY01084: KeyStore /home/kraus/Descargas/web-app-jaxws/target/server/standalone/configuration/application.keystore not found, it will be auto generated on first use with a self-signed certificate for host localhost
2022-08-17 19:55:33,834 INFO  [org.jboss.as.ejb3] (MSC service thread 1-5) WFLYEJB0481: Strict pool slsb-strict-max-pool is using a max instance size of 128 (per class), which is derived from thread worker pool sizing.
2022-08-17 19:55:33,835 INFO  [org.jboss.as.ejb3] (MSC service thread 1-2) WFLYEJB0482: Strict pool mdb-strict-max-pool is using a max instance size of 32 (per class), which is derived from the number of CPUs on this host.
2022-08-17 19:55:33,852 INFO  [org.wildfly.extension.undertow] (ServerService Thread Pool -- 75) WFLYUT0014: Creating file handler for path '/home/kraus/Descargas/web-app-jaxws/target/server/welcome-content' with options [directory-listing: 'false', follow-symlink: 'false', case-sensitive: 'true', safe-symlink-paths: '[]']
2022-08-17 19:55:33,868 INFO  [org.wildfly.extension.undertow] (MSC service thread 1-5) WFLYUT0012: Started server default-server.
2022-08-17 19:55:33,868 INFO  [org.wildfly.extension.undertow] (MSC service thread 1-1) Queuing requests.
2022-08-17 19:55:33,871 INFO  [org.wildfly.extension.undertow] (MSC service thread 1-1) WFLYUT0018: Host default-host starting
2022-08-17 19:55:33,972 INFO  [org.wildfly.extension.undertow] (MSC service thread 1-4) WFLYUT0006: Undertow HTTP listener default listening on 127.0.0.1:8080
2022-08-17 19:55:34,069 INFO  [org.wildfly.extension.undertow] (MSC service thread 1-3) WFLYUT0006: Undertow HTTPS listener https listening on 127.0.0.1:8443
2022-08-17 19:55:34,072 INFO  [org.jboss.as.ejb3] (MSC service thread 1-1) WFLYEJB0493: Jakarta Enterprise Beans subsystem suspension complete
2022-08-17 19:55:34,120 INFO  [org.jboss.as.connector.subsystems.datasources] (MSC service thread 1-1) WFLYJCA0001: Bound data source [java:jboss/datasources/ExampleDS]
2022-08-17 19:55:34,234 INFO  [org.jboss.as.patching] (MSC service thread 1-3) WFLYPAT0050: WildFly Full cumulative patch ID is: base, one-off patches include: none
2022-08-17 19:55:34,257 INFO  [org.jboss.as.server.deployment] (MSC service thread 1-1) WFLYSRV0027: Starting deployment of "web-app-jaxws.war" (runtime-name: "web-app-jaxws.war")
2022-08-17 19:55:34,260 INFO  [org.jboss.as.server.deployment.scanner] (MSC service thread 1-5) WFLYDS0013: Started FileSystemDeploymentService for directory /home/kraus/Descargas/web-app-jaxws/target/server/standalone/deployments
2022-08-17 19:55:34,299 INFO  [org.jboss.ws.common.management] (MSC service thread 1-8) JBWS022052: Starting JBossWS 5.4.4.Final (Apache CXF 3.4.5) 
2022-08-17 19:55:35,554 INFO  [org.infinispan.CONTAINER] (ServerService Thread Pool -- 78) ISPN000128: Infinispan version: Infinispan 'Triskaidekaphobia' 13.0.10.Final
2022-08-17 19:55:35,621 INFO  [org.infinispan.CONTAINER] (ServerService Thread Pool -- 78) ISPN000556: Starting user marshaller 'org.wildfly.clustering.infinispan.spi.marshalling.InfinispanProtoStreamMarshaller'
2022-08-17 19:55:35,891 INFO  [org.infinispan.CONFIG] (MSC service thread 1-5) ISPN000152: Passivation configured without an eviction policy being selected. Only manually evicted entities will be passivated.
2022-08-17 19:55:35,892 INFO  [org.infinispan.CONFIG] (MSC service thread 1-5) ISPN000152: Passivation configured without an eviction policy being selected. Only manually evicted entities will be passivated.
2022-08-17 19:55:35,901 INFO  [org.infinispan.CONTAINER] (ServerService Thread Pool -- 78) ISPN000025: wakeUpInterval is <= 0, not starting expired purge thread
2022-08-17 19:55:35,904 INFO  [org.jboss.as.clustering.infinispan] (ServerService Thread Pool -- 78) WFLYCLINF0002: Started http-remoting-connector cache from ejb container
2022-08-17 19:55:35,967 INFO  [org.wildfly.extension.undertow] (ServerService Thread Pool -- 79) WFLYUT0021: Registered web context: '/web-app-jaxws' for server 'default-server'
2022-08-17 19:55:36,005 INFO  [org.jboss.as.server] (Controller Boot Thread) WFLYSRV0010: Deployed "web-app-jaxws.war" (runtime-name : "web-app-jaxws.war")
2022-08-17 19:55:36,037 INFO  [org.jboss.as.server] (Controller Boot Thread) WFLYSRV0212: Resuming server
2022-08-17 19:55:36,038 INFO  [org.jboss.as] (Controller Boot Thread) WFLYSRV0025: WildFly Full 26.1.1.Final (WildFly Core 18.1.1.Final) started in 4553ms - Started 399 of 601 services (341 services are lazy, passive or on-demand) - Server configuration file in use: standalone.xml
2022-08-17 19:55:36,040 INFO  [org.jboss.as] (Controller Boot Thread) WFLYSRV0060: Http management interface listening on http://127.0.0.1:9990/management
2022-08-17 19:55:36,040 INFO  [org.jboss.as] (Controller Boot Thread) WFLYSRV0051: Admin console listening on http://127.0.0.1:9990
2022-08-17 19:55:36,318 INFO  [org.jboss.as.repository] (management-handler-thread - 1) WFLYDR0001: Content added at location /home/kraus/Descargas/web-app-jaxws/target/server/standalone/data/content/85/e7067b9bd9c8ce37b164586ad91edee9a50c76/content
2022-08-17 19:55:36,323 INFO  [org.wildfly.extension.undertow] (ServerService Thread Pool -- 79) WFLYUT0022: Unregistered web context: '/web-app-jaxws' from server 'default-server'
2022-08-17 19:55:36,347 INFO  [org.jboss.as.server.deployment] (MSC service thread 1-8) WFLYSRV0028: Stopped deployment web-app-jaxws.war (runtime-name: web-app-jaxws.war) in 25ms
2022-08-17 19:55:36,350 INFO  [org.jboss.as.server.deployment] (MSC service thread 1-7) WFLYSRV0027: Starting deployment of "web-app-jaxws.war" (runtime-name: "web-app-jaxws.war")
2022-08-17 19:55:36,957 INFO  [org.wildfly.extension.undertow] (ServerService Thread Pool -- 2) WFLYUT0021: Registered web context: '/web-app-jaxws' for server 'default-server'
2022-08-17 19:55:36,987 INFO  [org.jboss.as.server] (management-handler-thread - 1) WFLYSRV0016: Replaced deployment "web-app-jaxws.war" with deployment "web-app-jaxws.war"
2022-08-17 19:55:36,990 INFO  [org.jboss.as.repository] (management-handler-thread - 1) WFLYDR0002: Content removed from location /home/kraus/Descargas/web-app-jaxws/target/server/standalone/data/content/90/65d3b6ff50e769d390594b3817d5d97b49723d/content
2022-08-17 19:55:52,803 INFO  [org.jboss.as.server] (Thread-1) WFLYSRV0272: Suspending server
2022-08-17 19:55:52,804 INFO  [org.jboss.as.ejb3] (Thread-1) WFLYEJB0493: Jakarta Enterprise Beans subsystem suspension complete
2022-08-17 19:55:52,806 INFO  [org.jboss.as.server] (Thread-1) WFLYSRV0220: Server shutdown has been requested via an OS signal
2022-08-17 19:55:52,812 INFO  [org.jboss.as.mail.extension] (MSC service thread 1-4) WFLYMAIL0002: Unbound mail session [java:jboss/mail/Default]
2022-08-17 19:55:52,813 INFO  [org.wildfly.extension.undertow] (ServerService Thread Pool -- 79) WFLYUT0022: Unregistered web context: '/web-app-jaxws' from server 'default-server'
2022-08-17 19:55:52,813 INFO  [org.wildfly.extension.undertow] (MSC service thread 1-3) WFLYUT0019: Host default-host stopping
2022-08-17 19:55:52,814 INFO  [org.jboss.as.connector.subsystems.datasources] (MSC service thread 1-8) WFLYJCA0010: Unbound data source [java:jboss/datasources/ExampleDS]
2022-08-17 19:55:52,815 INFO  [org.jboss.as.connector.deployers.jdbc] (MSC service thread 1-1) WFLYJCA0019: Stopped Driver service with driver-name = h2
2022-08-17 19:55:52,818 INFO  [org.wildfly.extension.undertow] (MSC service thread 1-2) WFLYUT0008: Undertow HTTPS listener https suspending
2022-08-17 19:55:52,819 INFO  [org.wildfly.extension.undertow] (MSC service thread 1-2) WFLYUT0007: Undertow HTTPS listener https stopped, was bound to 127.0.0.1:8443
2022-08-17 19:55:52,820 INFO  [org.wildfly.extension.undertow] (MSC service thread 1-4) WFLYUT0008: Undertow HTTP listener default suspending
2022-08-17 19:55:52,821 INFO  [org.wildfly.extension.undertow] (MSC service thread 1-4) WFLYUT0007: Undertow HTTP listener default stopped, was bound to 127.0.0.1:8080
2022-08-17 19:55:52,822 INFO  [org.jboss.as.clustering.infinispan] (ServerService Thread Pool -- 2) WFLYCLINF0003: Stopped http-remoting-connector cache from ejb container
2022-08-17 19:55:52,822 INFO  [org.wildfly.extension.undertow] (MSC service thread 1-4) WFLYUT0004: Undertow 2.2.17.Final stopping
2022-08-17 19:55:52,831 INFO  [org.jboss.as.server.deployment] (MSC service thread 1-3) WFLYSRV0028: Stopped deployment web-app-jaxws.war (runtime-name: web-app-jaxws.war) in 23ms
2022-08-17 19:55:52,835 INFO  [org.jboss.as] (MSC service thread 1-4) WFLYSRV0050: WildFly Full 26.1.1.Final (WildFly Core 18.1.1.Final) stopped in 26ms
2022-08-17 19:56:36,128 INFO  [org.jboss.modules] (main) JBoss Modules version 2.0.2.Final
2022-08-17 19:56:36,754 INFO  [org.jboss.msc] (main) JBoss MSC version 1.4.13.Final
2022-08-17 19:56:36,763 INFO  [org.jboss.threads] (main) JBoss Threads version 2.4.0.Final
2022-08-17 19:56:36,972 INFO  [org.jboss.as] (MSC service thread 1-2) WFLYSRV0049: WildFly Full 26.1.1.Final (WildFly Core 18.1.1.Final) starting
2022-08-17 19:56:36,975 DEBUG [org.jboss.as.config] (MSC service thread 1-2) Configured system properties:
	[Standalone] = 
	file.encoding = UTF-8
	file.separator = /
	java.awt.headless = true
	java.class.path = /home/kraus/Descargas/web-app-jaxws/target/server/jboss-modules.jar
	java.class.version = 62.0
	java.home = /home/kraus/.jdks/openjdk-18.0.2
	java.io.tmpdir = /tmp
	java.library.path = :/usr/java/packages/lib:/usr/lib64:/lib64:/lib:/usr/lib
	java.net.preferIPv4Stack = true
	java.runtime.name = OpenJDK Runtime Environment
	java.runtime.version = 18.0.2+9-61
	java.specification.name = Java Platform API Specification
	java.specification.vendor = Oracle Corporation
	java.specification.version = 18
	java.util.logging.manager = org.jboss.logmanager.LogManager
	java.vendor = Oracle Corporation
	java.vendor.url = https://java.oracle.com/
	java.vendor.url.bug = https://bugreport.java.com/bugreport/
	java.version = 18.0.2
	java.version.date = 2022-07-19
	java.vm.compressedOopsMode = 32-bit
	java.vm.info = mixed mode, sharing
	java.vm.name = OpenJDK 64-Bit Server VM
	java.vm.specification.name = Java Virtual Machine Specification
	java.vm.specification.vendor = Oracle Corporation
	java.vm.specification.version = 18
	java.vm.vendor = Oracle Corporation
	java.vm.version = 18.0.2+9-61
	javax.management.builder.initial = org.jboss.as.jmx.PluggableMBeanServerBuilder
	jboss.home.dir = /home/kraus/Descargas/web-app-jaxws/target/server
	jboss.host.name = jared-12
	jboss.modules.dir = /home/kraus/Descargas/web-app-jaxws/target/server/modules
	jboss.modules.system.pkgs = org.jboss.byteman
	jboss.node.name = jared-12
	jboss.qualified.host.name = jared-12
	jboss.server.base.dir = /home/kraus/Descargas/web-app-jaxws/target/server/standalone
	jboss.server.config.dir = /home/kraus/Descargas/web-app-jaxws/target/server/standalone/configuration
	jboss.server.data.dir = /home/kraus/Descargas/web-app-jaxws/target/server/standalone/data
	jboss.server.deploy.dir = /home/kraus/Descargas/web-app-jaxws/target/server/standalone/data/content
	jboss.server.log.dir = /home/kraus/Descargas/web-app-jaxws/target/server/standalone/log
	jboss.server.name = jared-12
	jboss.server.persist.config = true
	jboss.server.temp.dir = /home/kraus/Descargas/web-app-jaxws/target/server/standalone/tmp
	jdk.debug = release
	line.separator = 

	logging.configuration = file:/home/kraus/Descargas/web-app-jaxws/target/server/standalone/configuration/logging.properties
	module.path = /home/kraus/Descargas/web-app-jaxws/target/server/modules
	native.encoding = UTF-8
	org.jboss.boot.log.file = /home/kraus/Descargas/web-app-jaxws/target/server/standalone/log/server.log
	org.jboss.resolver.warning = true
	os.arch = amd64
	os.name = Linux
	os.version = 5.15.0-46-generic
	path.separator = :
	sun.arch.data.model = 64
	sun.boot.library.path = /home/kraus/.jdks/openjdk-18.0.2/lib
	sun.cpu.endian = little
	sun.io.unicode.encoding = UnicodeLittle
	sun.java.command = /home/kraus/Descargas/web-app-jaxws/target/server/jboss-modules.jar -mp /home/kraus/Descargas/web-app-jaxws/target/server/modules org.jboss.as.standalone
	sun.java.launcher = SUN_STANDARD
	sun.jnu.encoding = UTF-8
	sun.management.compiler = HotSpot 64-Bit Tiered Compilers
	user.country = SV
	user.dir = /home/kraus/Descargas/web-app-jaxws
	user.home = /home/kraus
	user.language = es
	user.name = kraus
	user.timezone = America/El_Salvador
2022-08-17 19:56:36,979 DEBUG [org.jboss.as.config] (MSC service thread 1-2) VM Arguments: -D[Standalone] -Xms64m -Xmx512m -Djava.net.preferIPv4Stack=true -Djava.awt.headless=true -Djboss.modules.system.pkgs=org.jboss.byteman --add-exports=java.desktop/sun.awt=ALL-UNNAMED --add-exports=java.naming/com.sun.jndi.ldap=ALL-UNNAMED --add-opens=java.base/java.lang=ALL-UNNAMED --add-opens=java.base/java.lang.invoke=ALL-UNNAMED --add-opens=java.base/java.lang.reflect=ALL-UNNAMED --add-opens=java.base/java.io=ALL-UNNAMED --add-opens=java.base/java.security=ALL-UNNAMED --add-opens=java.base/java.util=ALL-UNNAMED --add-opens=java.base/java.util.concurrent=ALL-UNNAMED --add-opens=java.management/javax.management=ALL-UNNAMED --add-opens=java.naming/javax.naming=ALL-UNNAMED --add-modules=java.se -Djboss.home.dir=/home/kraus/Descargas/web-app-jaxws/target/server -Djboss.server.base.dir=/home/kraus/Descargas/web-app-jaxws/target/server/standalone -Djboss.server.log.dir=/home/kraus/Descargas/web-app-jaxws/target/server/standalone/log -Djboss.server.config.dir=/home/kraus/Descargas/web-app-jaxws/target/server/standalone/configuration -Dorg.jboss.boot.log.file=/home/kraus/Descargas/web-app-jaxws/target/server/standalone/log/server.log -Dlogging.configuration=file:/home/kraus/Descargas/web-app-jaxws/target/server/standalone/configuration/logging.properties 
2022-08-17 19:56:38,205 INFO  [org.wildfly.security] (ServerService Thread Pool -- 14) ELY00001: WildFly Elytron version 1.19.0.Final
2022-08-17 19:56:39,090 INFO  [org.jboss.as.server] (Controller Boot Thread) WFLYSRV0039: Creating http management service using socket-binding (management-http)
2022-08-17 19:56:39,111 INFO  [org.xnio] (MSC service thread 1-2) XNIO version 3.8.7.Final
2022-08-17 19:56:39,119 INFO  [org.xnio.nio] (MSC service thread 1-2) XNIO NIO Implementation Version 3.8.7.Final
2022-08-17 19:56:39,224 INFO  [org.wildfly.extension.health] (ServerService Thread Pool -- 53) WFLYHEALTH0001: Activating Base Health Subsystem
2022-08-17 19:56:39,224 INFO  [org.jboss.as.clustering.infinispan] (ServerService Thread Pool -- 54) WFLYCLINF0001: Activating Infinispan subsystem.
2022-08-17 19:56:39,225 INFO  [org.jboss.remoting] (MSC service thread 1-5) JBoss Remoting version 5.0.24.Final
2022-08-17 19:56:39,263 INFO  [org.jboss.as.jaxrs] (ServerService Thread Pool -- 56) WFLYRS0016: RESTEasy version 4.7.6.Final
2022-08-17 19:56:39,274 INFO  [org.wildfly.extension.microprofile.config.smallrye] (ServerService Thread Pool -- 64) WFLYCONF0001: Activating MicroProfile Config Subsystem
2022-08-17 19:56:39,277 INFO  [org.wildfly.extension.elytron.oidc._private] (ServerService Thread Pool -- 52) WFLYOIDC0001: Activating WildFly Elytron OIDC Subsystem
2022-08-17 19:56:39,281 INFO  [org.wildfly.extension.microprofile.jwt.smallrye] (ServerService Thread Pool -- 65) WFLYJWT0001: Activating MicroProfile JWT Subsystem
2022-08-17 19:56:39,281 INFO  [org.jboss.as.naming] (ServerService Thread Pool -- 67) WFLYNAM0001: Activating Naming Subsystem
2022-08-17 19:56:39,282 INFO  [org.wildfly.extension.microprofile.opentracing] (ServerService Thread Pool -- 66) WFLYTRACEXT0001: Activating MicroProfile OpenTracing Subsystem
2022-08-17 19:56:39,309 INFO  [org.wildfly.extension.io] (ServerService Thread Pool -- 55) WFLYIO001: Worker 'default' has auto-configured to 16 IO threads with 128 max task threads based on your 8 available processors
2022-08-17 19:56:39,326 INFO  [org.wildfly.extension.metrics] (ServerService Thread Pool -- 63) WFLYMETRICS0001: Activating Base Metrics Subsystem
2022-08-17 19:56:39,340 INFO  [org.jboss.as.jsf] (ServerService Thread Pool -- 61) WFLYJSF0007: Activated the following Jakarta Server Faces Implementations: [main]
2022-08-17 19:56:39,348 INFO  [org.jboss.as.connector] (MSC service thread 1-3) WFLYJCA0009: Starting Jakarta Connectors Subsystem (WildFly/IronJacamar 1.5.3.Final)
2022-08-17 19:56:39,346 WARN  [org.jboss.as.txn] (ServerService Thread Pool -- 74) WFLYTX0013: The node-identifier attribute on the /subsystem=transactions is set to the default value. This is a danger for environments running multiple servers. Please make sure the attribute value is unique.
2022-08-17 19:56:39,411 INFO  [org.jboss.as.connector.subsystems.datasources] (ServerService Thread Pool -- 44) WFLYJCA0004: Deploying JDBC-compliant driver class org.h2.Driver (version 1.4)
2022-08-17 19:56:39,417 INFO  [org.jboss.as.connector.deployers.jdbc] (MSC service thread 1-1) WFLYJCA0018: Started Driver service with driver-name = h2
2022-08-17 19:56:39,434 INFO  [org.jboss.as.webservices] (ServerService Thread Pool -- 76) WFLYWS0002: Activating WebServices Extension
2022-08-17 19:56:39,457 INFO  [org.jboss.as.mail.extension] (MSC service thread 1-7) WFLYMAIL0001: Bound mail session [java:jboss/mail/Default]
2022-08-17 19:56:39,459 INFO  [org.jboss.as.naming] (MSC service thread 1-4) WFLYNAM0003: Starting Naming Service
2022-08-17 19:56:39,503 WARN  [org.wildfly.extension.elytron] (MSC service thread 1-1) WFLYELY00023: KeyStore file '/home/kraus/Descargas/web-app-jaxws/target/server/standalone/configuration/application.keystore' does not exist. Used blank.
2022-08-17 19:56:39,534 WARN  [org.wildfly.extension.elytron] (MSC service thread 1-8) WFLYELY01084: KeyStore /home/kraus/Descargas/web-app-jaxws/target/server/standalone/configuration/application.keystore not found, it will be auto generated on first use with a self-signed certificate for host localhost
2022-08-17 19:56:39,568 INFO  [org.wildfly.extension.undertow] (MSC service thread 1-1) WFLYUT0003: Undertow 2.2.17.Final starting
2022-08-17 19:56:39,681 INFO  [org.jboss.as.ejb3] (MSC service thread 1-3) WFLYEJB0482: Strict pool mdb-strict-max-pool is using a max instance size of 32 (per class), which is derived from the number of CPUs on this host.
2022-08-17 19:56:39,681 INFO  [org.jboss.as.ejb3] (MSC service thread 1-5) WFLYEJB0481: Strict pool slsb-strict-max-pool is using a max instance size of 128 (per class), which is derived from thread worker pool sizing.
2022-08-17 19:56:39,701 INFO  [org.wildfly.extension.undertow] (ServerService Thread Pool -- 75) WFLYUT0014: Creating file handler for path '/home/kraus/Descargas/web-app-jaxws/target/server/welcome-content' with options [directory-listing: 'false', follow-symlink: 'false', case-sensitive: 'true', safe-symlink-paths: '[]']
2022-08-17 19:56:39,706 INFO  [org.wildfly.extension.undertow] (MSC service thread 1-6) WFLYUT0012: Started server default-server.
2022-08-17 19:56:39,707 INFO  [org.wildfly.extension.undertow] (MSC service thread 1-4) Queuing requests.
2022-08-17 19:56:39,708 INFO  [org.wildfly.extension.undertow] (MSC service thread 1-4) WFLYUT0018: Host default-host starting
2022-08-17 19:56:39,770 ERROR [org.jboss.msc.service.fail] (MSC service thread 1-2) MSC000001: Failed to start service org.wildfly.undertow.listener.default: org.jboss.msc.service.StartException in service org.wildfly.undertow.listener.default: La dirección ya se está usando /127.0.0.1:8080
	at org.wildfly.extension.undertow@26.1.1.Final//org.wildfly.extension.undertow.ListenerService.start(ListenerService.java:212)
	at org.jboss.msc@1.4.13.Final//org.jboss.msc.service.ServiceControllerImpl$StartTask.startService(ServiceControllerImpl.java:1739)
	at org.jboss.msc@1.4.13.Final//org.jboss.msc.service.ServiceControllerImpl$StartTask.execute(ServiceControllerImpl.java:1701)
	at org.jboss.msc@1.4.13.Final//org.jboss.msc.service.ServiceControllerImpl$ControllerTask.run(ServiceControllerImpl.java:1559)
	at org.jboss.threads@2.4.0.Final//org.jboss.threads.ContextClassLoaderSavingRunnable.run(ContextClassLoaderSavingRunnable.java:35)
	at org.jboss.threads@2.4.0.Final//org.jboss.threads.EnhancedQueueExecutor.safeRun(EnhancedQueueExecutor.java:1990)
	at org.jboss.threads@2.4.0.Final//org.jboss.threads.EnhancedQueueExecutor$ThreadBody.doRunTask(EnhancedQueueExecutor.java:1486)
	at org.jboss.threads@2.4.0.Final//org.jboss.threads.EnhancedQueueExecutor$ThreadBody.run(EnhancedQueueExecutor.java:1377)
	at java.base/java.lang.Thread.run(Thread.java:833)

2022-08-17 19:56:39,898 ERROR [org.jboss.msc.service.fail] (MSC service thread 1-8) MSC000001: Failed to start service org.wildfly.management.http.extensible: org.jboss.msc.service.StartException in service org.wildfly.management.http.extensible: java.net.BindException: La dirección ya se está usando /127.0.0.1:9990
	at org.jboss.as.server@18.1.1.Final//org.jboss.as.server.mgmt.UndertowHttpManagementService.start(UndertowHttpManagementService.java:386)
	at org.jboss.msc@1.4.13.Final//org.jboss.msc.service.ServiceControllerImpl$StartTask.startService(ServiceControllerImpl.java:1739)
	at org.jboss.msc@1.4.13.Final//org.jboss.msc.service.ServiceControllerImpl$StartTask.execute(ServiceControllerImpl.java:1701)
	at org.jboss.msc@1.4.13.Final//org.jboss.msc.service.ServiceControllerImpl$ControllerTask.run(ServiceControllerImpl.java:1559)
	at org.jboss.threads@2.4.0.Final//org.jboss.threads.ContextClassLoaderSavingRunnable.run(ContextClassLoaderSavingRunnable.java:35)
	at org.jboss.threads@2.4.0.Final//org.jboss.threads.EnhancedQueueExecutor.safeRun(EnhancedQueueExecutor.java:1990)
	at org.jboss.threads@2.4.0.Final//org.jboss.threads.EnhancedQueueExecutor$ThreadBody.doRunTask(EnhancedQueueExecutor.java:1486)
	at org.jboss.threads@2.4.0.Final//org.jboss.threads.EnhancedQueueExecutor$ThreadBody.run(EnhancedQueueExecutor.java:1363)
	at java.base/java.lang.Thread.run(Thread.java:833)

2022-08-17 19:56:40,017 ERROR [org.jboss.msc.service.fail] (MSC service thread 1-8) MSC000001: Failed to start service org.wildfly.undertow.listener.https: org.jboss.msc.service.StartException in service org.wildfly.undertow.listener.https: La dirección ya se está usando /127.0.0.1:8443
	at org.wildfly.extension.undertow@26.1.1.Final//org.wildfly.extension.undertow.ListenerService.start(ListenerService.java:212)
	at org.jboss.msc@1.4.13.Final//org.jboss.msc.service.ServiceControllerImpl$StartTask.startService(ServiceControllerImpl.java:1739)
	at org.jboss.msc@1.4.13.Final//org.jboss.msc.service.ServiceControllerImpl$StartTask.execute(ServiceControllerImpl.java:1701)
	at org.jboss.msc@1.4.13.Final//org.jboss.msc.service.ServiceControllerImpl$ControllerTask.run(ServiceControllerImpl.java:1559)
	at org.jboss.threads@2.4.0.Final//org.jboss.threads.ContextClassLoaderSavingRunnable.run(ContextClassLoaderSavingRunnable.java:35)
	at org.jboss.threads@2.4.0.Final//org.jboss.threads.EnhancedQueueExecutor.safeRun(EnhancedQueueExecutor.java:1990)
	at org.jboss.threads@2.4.0.Final//org.jboss.threads.EnhancedQueueExecutor$ThreadBody.doRunTask(EnhancedQueueExecutor.java:1486)
	at org.jboss.threads@2.4.0.Final//org.jboss.threads.EnhancedQueueExecutor$ThreadBody.run(EnhancedQueueExecutor.java:1377)
	at java.base/java.lang.Thread.run(Thread.java:833)

2022-08-17 19:56:40,031 INFO  [org.jboss.as.ejb3] (MSC service thread 1-1) WFLYEJB0493: Jakarta Enterprise Beans subsystem suspension complete
2022-08-17 19:56:40,209 INFO  [org.jboss.as.connector.subsystems.datasources] (MSC service thread 1-5) WFLYJCA0001: Bound data source [java:jboss/datasources/ExampleDS]
2022-08-17 19:56:40,474 INFO  [org.jboss.as.patching] (MSC service thread 1-5) WFLYPAT0050: WildFly Full cumulative patch ID is: base, one-off patches include: none
2022-08-17 19:56:40,502 INFO  [org.jboss.as.server.deployment] (MSC service thread 1-1) WFLYSRV0027: Starting deployment of "web-app-jaxws.war" (runtime-name: "web-app-jaxws.war")
2022-08-17 19:56:40,505 INFO  [org.jboss.as.server.deployment.scanner] (MSC service thread 1-4) WFLYDS0013: Started FileSystemDeploymentService for directory /home/kraus/Descargas/web-app-jaxws/target/server/standalone/deployments
2022-08-17 19:56:41,586 ERROR [org.jboss.as.controller.management-operation] (Controller Boot Thread) WFLYCTL0013: Operation ("add") failed - address: ([
    ("core-service" => "management"),
    ("management-interface" => "http-interface")
]) - failure description: {
    "WFLYCTL0080: Failed services" => {"org.wildfly.management.http.extensible" => "java.net.BindException: La dirección ya se está usando /127.0.0.1:9990"},
    "WFLYCTL0412: Required services that are not installed:" => ["jboss.http-upgrade-registry.http-management"],
    "WFLYCTL0180: Services with missing/unavailable dependencies" => ["jboss.remoting.remoting-http-upgrade-service.http-management is missing [jboss.http-upgrade-registry.http-management]"]
}
2022-08-17 19:56:41,632 ERROR [org.jboss.as.controller.management-operation] (Controller Boot Thread) WFLYCTL0013: Operation ("add") failed - address: ([
    ("subsystem" => "remoting"),
    ("http-connector" => "http-remoting-connector")
]) - failure description: {
    "WFLYCTL0412: Required services that are not installed:" => ["jboss.http-upgrade-registry.default"],
    "WFLYCTL0180: Services with missing/unavailable dependencies" => ["jboss.remoting.remoting-http-upgrade-service.http-remoting-connector is missing [jboss.http-upgrade-registry.default]"]
}
2022-08-17 19:56:41,633 ERROR [org.jboss.as.controller.management-operation] (Controller Boot Thread) WFLYCTL0013: Operation ("add") failed - address: ([
    ("subsystem" => "undertow"),
    ("server" => "default-server"),
    ("http-listener" => "default")
]) - failure description: {"WFLYCTL0080: Failed services" => {"org.wildfly.undertow.listener.default" => "La dirección ya se está usando /127.0.0.1:8080"}}
2022-08-17 19:56:41,634 ERROR [org.jboss.as.controller.management-operation] (Controller Boot Thread) WFLYCTL0013: Operation ("add") failed - address: ([
    ("subsystem" => "undertow"),
    ("server" => "default-server"),
    ("https-listener" => "https")
]) - failure description: {"WFLYCTL0080: Failed services" => {"org.wildfly.undertow.listener.https" => "La dirección ya se está usando /127.0.0.1:8443"}}
2022-08-17 19:56:41,635 ERROR [org.jboss.as.controller] (Controller Boot Thread) WFLYCTL0459: Triggering roll back due to missing management services.
2022-08-17 19:56:41,635 ERROR [org.jboss.as.controller.management-operation] (Controller Boot Thread) WFLYCTL0013: Operation ("add") failed - address: ([
    ("core-service" => "management"),
    ("management-interface" => "http-interface")
]) - failure description: {
    "WFLYCTL0080: Failed services" => {"org.wildfly.management.http.extensible" => "java.net.BindException: La dirección ya se está usando /127.0.0.1:9990"},
    "WFLYCTL0412: Required services that are not installed:" => ["jboss.http-upgrade-registry.http-management"],
    "WFLYCTL0180: Services with missing/unavailable dependencies" => ["jboss.remoting.remoting-http-upgrade-service.http-management is missing [jboss.http-upgrade-registry.http-management]"]
}
2022-08-17 19:56:41,653 INFO  [org.jboss.as.server.deployment] (MSC service thread 1-4) WFLYSRV0028: Stopped deployment web-app-jaxws.war (runtime-name: web-app-jaxws.war) in 14ms
2022-08-17 19:56:41,655 ERROR [org.jboss.as.server] (Controller Boot Thread) WFLYSRV0021: Deploy of deployment "web-app-jaxws.war" was rolled back with the following failure message: undefined
2022-08-17 19:56:41,660 INFO  [org.jboss.as.mail.extension] (MSC service thread 1-1) WFLYMAIL0002: Unbound mail session [java:jboss/mail/Default]
2022-08-17 19:56:41,665 INFO  [org.jboss.as.connector.subsystems.datasources] (MSC service thread 1-7) WFLYJCA0010: Unbound data source [java:jboss/datasources/ExampleDS]
2022-08-17 19:56:41,666 INFO  [org.wildfly.extension.undertow] (MSC service thread 1-7) WFLYUT0019: Host default-host stopping
2022-08-17 19:56:41,667 INFO  [org.wildfly.extension.undertow] (MSC service thread 1-3) WFLYUT0004: Undertow 2.2.17.Final stopping
2022-08-17 19:56:41,672 INFO  [org.jboss.as.connector.deployers.jdbc] (MSC service thread 1-1) WFLYJCA0019: Stopped Driver service with driver-name = h2
2022-08-17 19:56:41,694 FATAL [org.jboss.as.server] (Controller Boot Thread) WFLYSRV0056: Server boot has failed in an unrecoverable manner; exiting. See previous messages for details. - Server configuration file in use: standalone.xml
2022-08-17 19:56:41,700 INFO  [org.jboss.as] (MSC service thread 1-1) WFLYSRV0050: WildFly Full 26.1.1.Final (WildFly Core 18.1.1.Final) stopped in 3ms
2022-08-17 19:58:21,055 INFO  [org.jboss.modules] (main) JBoss Modules version 2.0.2.Final
2022-08-17 19:58:21,381 INFO  [org.jboss.msc] (main) JBoss MSC version 1.4.13.Final
2022-08-17 19:58:21,386 INFO  [org.jboss.threads] (main) JBoss Threads version 2.4.0.Final
2022-08-17 19:58:21,456 INFO  [org.jboss.as] (MSC service thread 1-1) WFLYSRV0049: WildFly Full 26.1.1.Final (WildFly Core 18.1.1.Final) starting
2022-08-17 19:58:21,457 DEBUG [org.jboss.as.config] (MSC service thread 1-1) Configured system properties:
	[Standalone] = 
	file.encoding = UTF-8
	file.separator = /
	java.awt.headless = true
	java.class.path = /home/kraus/Descargas/web-app-jaxws/target/server/jboss-modules.jar
	java.class.version = 62.0
	java.home = /home/kraus/.jdks/openjdk-18.0.2
	java.io.tmpdir = /tmp
	java.library.path = :/usr/java/packages/lib:/usr/lib64:/lib64:/lib:/usr/lib
	java.net.preferIPv4Stack = true
	java.runtime.name = OpenJDK Runtime Environment
	java.runtime.version = 18.0.2+9-61
	java.specification.name = Java Platform API Specification
	java.specification.vendor = Oracle Corporation
	java.specification.version = 18
	java.util.logging.manager = org.jboss.logmanager.LogManager
	java.vendor = Oracle Corporation
	java.vendor.url = https://java.oracle.com/
	java.vendor.url.bug = https://bugreport.java.com/bugreport/
	java.version = 18.0.2
	java.version.date = 2022-07-19
	java.vm.compressedOopsMode = 32-bit
	java.vm.info = mixed mode, sharing
	java.vm.name = OpenJDK 64-Bit Server VM
	java.vm.specification.name = Java Virtual Machine Specification
	java.vm.specification.vendor = Oracle Corporation
	java.vm.specification.version = 18
	java.vm.vendor = Oracle Corporation
	java.vm.version = 18.0.2+9-61
	javax.management.builder.initial = org.jboss.as.jmx.PluggableMBeanServerBuilder
	jboss.home.dir = /home/kraus/Descargas/web-app-jaxws/target/server
	jboss.host.name = jared-12
	jboss.modules.dir = /home/kraus/Descargas/web-app-jaxws/target/server/modules
	jboss.modules.system.pkgs = org.jboss.byteman
	jboss.node.name = jared-12
	jboss.qualified.host.name = jared-12
	jboss.server.base.dir = /home/kraus/Descargas/web-app-jaxws/target/server/standalone
	jboss.server.config.dir = /home/kraus/Descargas/web-app-jaxws/target/server/standalone/configuration
	jboss.server.data.dir = /home/kraus/Descargas/web-app-jaxws/target/server/standalone/data
	jboss.server.deploy.dir = /home/kraus/Descargas/web-app-jaxws/target/server/standalone/data/content
	jboss.server.log.dir = /home/kraus/Descargas/web-app-jaxws/target/server/standalone/log
	jboss.server.name = jared-12
	jboss.server.persist.config = true
	jboss.server.temp.dir = /home/kraus/Descargas/web-app-jaxws/target/server/standalone/tmp
	jdk.debug = release
	line.separator = 

	logging.configuration = file:/home/kraus/Descargas/web-app-jaxws/target/server/standalone/configuration/logging.properties
	module.path = /home/kraus/Descargas/web-app-jaxws/target/server/modules
	native.encoding = UTF-8
	org.jboss.boot.log.file = /home/kraus/Descargas/web-app-jaxws/target/server/standalone/log/server.log
	org.jboss.resolver.warning = true
	os.arch = amd64
	os.name = Linux
	os.version = 5.15.0-46-generic
	path.separator = :
	sun.arch.data.model = 64
	sun.boot.library.path = /home/kraus/.jdks/openjdk-18.0.2/lib
	sun.cpu.endian = little
	sun.io.unicode.encoding = UnicodeLittle
	sun.java.command = /home/kraus/Descargas/web-app-jaxws/target/server/jboss-modules.jar -mp /home/kraus/Descargas/web-app-jaxws/target/server/modules org.jboss.as.standalone
	sun.java.launcher = SUN_STANDARD
	sun.jnu.encoding = UTF-8
	sun.management.compiler = HotSpot 64-Bit Tiered Compilers
	user.country = SV
	user.dir = /home/kraus/Descargas/web-app-jaxws
	user.home = /home/kraus
	user.language = es
	user.name = kraus
	user.timezone = America/El_Salvador
2022-08-17 19:58:21,459 DEBUG [org.jboss.as.config] (MSC service thread 1-1) VM Arguments: -D[Standalone] -Xms64m -Xmx512m -Djava.net.preferIPv4Stack=true -Djava.awt.headless=true -Djboss.modules.system.pkgs=org.jboss.byteman --add-exports=java.desktop/sun.awt=ALL-UNNAMED --add-exports=java.naming/com.sun.jndi.ldap=ALL-UNNAMED --add-opens=java.base/java.lang=ALL-UNNAMED --add-opens=java.base/java.lang.invoke=ALL-UNNAMED --add-opens=java.base/java.lang.reflect=ALL-UNNAMED --add-opens=java.base/java.io=ALL-UNNAMED --add-opens=java.base/java.security=ALL-UNNAMED --add-opens=java.base/java.util=ALL-UNNAMED --add-opens=java.base/java.util.concurrent=ALL-UNNAMED --add-opens=java.management/javax.management=ALL-UNNAMED --add-opens=java.naming/javax.naming=ALL-UNNAMED --add-modules=java.se -Djboss.home.dir=/home/kraus/Descargas/web-app-jaxws/target/server -Djboss.server.base.dir=/home/kraus/Descargas/web-app-jaxws/target/server/standalone -Djboss.server.log.dir=/home/kraus/Descargas/web-app-jaxws/target/server/standalone/log -Djboss.server.config.dir=/home/kraus/Descargas/web-app-jaxws/target/server/standalone/configuration -Dorg.jboss.boot.log.file=/home/kraus/Descargas/web-app-jaxws/target/server/standalone/log/server.log -Dlogging.configuration=file:/home/kraus/Descargas/web-app-jaxws/target/server/standalone/configuration/logging.properties 
2022-08-17 19:58:21,953 INFO  [org.wildfly.security] (ServerService Thread Pool -- 27) ELY00001: WildFly Elytron version 1.19.0.Final
2022-08-17 19:58:22,387 INFO  [org.jboss.as.server] (Controller Boot Thread) WFLYSRV0039: Creating http management service using socket-binding (management-http)
2022-08-17 19:58:22,398 INFO  [org.xnio] (MSC service thread 1-6) XNIO version 3.8.7.Final
2022-08-17 19:58:22,404 INFO  [org.xnio.nio] (MSC service thread 1-6) XNIO NIO Implementation Version 3.8.7.Final
2022-08-17 19:58:22,447 INFO  [org.jboss.as.jaxrs] (ServerService Thread Pool -- 56) WFLYRS0016: RESTEasy version 4.7.6.Final
2022-08-17 19:58:22,448 INFO  [org.jboss.as.clustering.infinispan] (ServerService Thread Pool -- 54) WFLYCLINF0001: Activating Infinispan subsystem.
2022-08-17 19:58:22,459 INFO  [org.wildfly.extension.io] (ServerService Thread Pool -- 55) WFLYIO001: Worker 'default' has auto-configured to 16 IO threads with 128 max task threads based on your 8 available processors
2022-08-17 19:58:22,465 INFO  [org.jboss.remoting] (MSC service thread 1-4) JBoss Remoting version 5.0.24.Final
2022-08-17 19:58:22,470 INFO  [org.jboss.as.connector.subsystems.datasources] (ServerService Thread Pool -- 44) WFLYJCA0004: Deploying JDBC-compliant driver class org.h2.Driver (version 1.4)
2022-08-17 19:58:22,471 INFO  [org.wildfly.extension.elytron.oidc._private] (ServerService Thread Pool -- 52) WFLYOIDC0001: Activating WildFly Elytron OIDC Subsystem
2022-08-17 19:58:22,472 INFO  [org.wildfly.extension.health] (ServerService Thread Pool -- 53) WFLYHEALTH0001: Activating Base Health Subsystem
2022-08-17 19:58:22,480 INFO  [org.wildfly.extension.microprofile.jwt.smallrye] (ServerService Thread Pool -- 65) WFLYJWT0001: Activating MicroProfile JWT Subsystem
2022-08-17 19:58:22,481 INFO  [org.wildfly.extension.microprofile.config.smallrye] (ServerService Thread Pool -- 64) WFLYCONF0001: Activating MicroProfile Config Subsystem
2022-08-17 19:58:22,488 INFO  [org.wildfly.extension.microprofile.opentracing] (ServerService Thread Pool -- 66) WFLYTRACEXT0001: Activating MicroProfile OpenTracing Subsystem
2022-08-17 19:58:22,488 INFO  [org.wildfly.extension.metrics] (ServerService Thread Pool -- 63) WFLYMETRICS0001: Activating Base Metrics Subsystem
2022-08-17 19:58:22,499 INFO  [org.jboss.as.naming] (ServerService Thread Pool -- 67) WFLYNAM0001: Activating Naming Subsystem
2022-08-17 19:58:22,510 INFO  [org.jboss.as.connector] (MSC service thread 1-1) WFLYJCA0009: Starting Jakarta Connectors Subsystem (WildFly/IronJacamar 1.5.3.Final)
2022-08-17 19:58:22,515 INFO  [org.jboss.as.jsf] (ServerService Thread Pool -- 61) WFLYJSF0007: Activated the following Jakarta Server Faces Implementations: [main]
2022-08-17 19:58:22,518 INFO  [org.jboss.as.connector.deployers.jdbc] (MSC service thread 1-4) WFLYJCA0018: Started Driver service with driver-name = h2
2022-08-17 19:58:22,532 WARN  [org.jboss.as.txn] (ServerService Thread Pool -- 74) WFLYTX0013: The node-identifier attribute on the /subsystem=transactions is set to the default value. This is a danger for environments running multiple servers. Please make sure the attribute value is unique.
2022-08-17 19:58:22,546 INFO  [org.jboss.as.naming] (MSC service thread 1-4) WFLYNAM0003: Starting Naming Service
2022-08-17 19:58:22,546 INFO  [org.jboss.as.mail.extension] (MSC service thread 1-3) WFLYMAIL0001: Bound mail session [java:jboss/mail/Default]
2022-08-17 19:58:22,556 INFO  [org.jboss.as.webservices] (ServerService Thread Pool -- 76) WFLYWS0002: Activating WebServices Extension
2022-08-17 19:58:22,574 WARN  [org.wildfly.extension.elytron] (MSC service thread 1-1) WFLYELY00023: KeyStore file '/home/kraus/Descargas/web-app-jaxws/target/server/standalone/configuration/application.keystore' does not exist. Used blank.
2022-08-17 19:58:22,587 WARN  [org.wildfly.extension.elytron] (MSC service thread 1-6) WFLYELY01084: KeyStore /home/kraus/Descargas/web-app-jaxws/target/server/standalone/configuration/application.keystore not found, it will be auto generated on first use with a self-signed certificate for host localhost
2022-08-17 19:58:22,627 INFO  [org.wildfly.extension.undertow] (MSC service thread 1-3) WFLYUT0003: Undertow 2.2.17.Final starting
2022-08-17 19:58:22,700 INFO  [org.jboss.as.ejb3] (MSC service thread 1-3) WFLYEJB0482: Strict pool mdb-strict-max-pool is using a max instance size of 32 (per class), which is derived from the number of CPUs on this host.
2022-08-17 19:58:22,701 INFO  [org.jboss.as.ejb3] (MSC service thread 1-1) WFLYEJB0481: Strict pool slsb-strict-max-pool is using a max instance size of 128 (per class), which is derived from thread worker pool sizing.
2022-08-17 19:58:22,746 INFO  [org.wildfly.extension.undertow] (ServerService Thread Pool -- 75) WFLYUT0014: Creating file handler for path '/home/kraus/Descargas/web-app-jaxws/target/server/welcome-content' with options [directory-listing: 'false', follow-symlink: 'false', case-sensitive: 'true', safe-symlink-paths: '[]']
2022-08-17 19:58:22,756 INFO  [org.wildfly.extension.undertow] (MSC service thread 1-7) WFLYUT0012: Started server default-server.
2022-08-17 19:58:22,761 INFO  [org.wildfly.extension.undertow] (MSC service thread 1-4) Queuing requests.
2022-08-17 19:58:22,764 INFO  [org.wildfly.extension.undertow] (MSC service thread 1-4) WFLYUT0018: Host default-host starting
2022-08-17 19:58:22,804 INFO  [org.wildfly.extension.undertow] (MSC service thread 1-3) WFLYUT0006: Undertow HTTP listener default listening on 127.0.0.1:8080
2022-08-17 19:58:22,899 INFO  [org.wildfly.extension.undertow] (MSC service thread 1-1) WFLYUT0006: Undertow HTTPS listener https listening on 127.0.0.1:8443
2022-08-17 19:58:22,919 INFO  [org.jboss.as.ejb3] (MSC service thread 1-8) WFLYEJB0493: Jakarta Enterprise Beans subsystem suspension complete
2022-08-17 19:58:22,971 INFO  [org.jboss.as.connector.subsystems.datasources] (MSC service thread 1-7) WFLYJCA0001: Bound data source [java:jboss/datasources/ExampleDS]
2022-08-17 19:58:23,200 INFO  [org.jboss.as.patching] (MSC service thread 1-1) WFLYPAT0050: WildFly Full cumulative patch ID is: base, one-off patches include: none
2022-08-17 19:58:23,210 INFO  [org.jboss.as.server.deployment.scanner] (MSC service thread 1-3) WFLYDS0013: Started FileSystemDeploymentService for directory /home/kraus/Descargas/web-app-jaxws/target/server/standalone/deployments
2022-08-17 19:58:23,214 INFO  [org.jboss.as.server.deployment] (MSC service thread 1-2) WFLYSRV0027: Starting deployment of "web-app-jaxws.war" (runtime-name: "web-app-jaxws.war")
2022-08-17 19:58:23,273 INFO  [org.jboss.ws.common.management] (MSC service thread 1-4) JBWS022052: Starting JBossWS 5.4.4.Final (Apache CXF 3.4.5) 
2022-08-17 19:58:24,671 INFO  [org.infinispan.CONTAINER] (ServerService Thread Pool -- 78) ISPN000128: Infinispan version: Infinispan 'Triskaidekaphobia' 13.0.10.Final
2022-08-17 19:58:24,736 INFO  [org.infinispan.CONTAINER] (ServerService Thread Pool -- 78) ISPN000556: Starting user marshaller 'org.wildfly.clustering.infinispan.spi.marshalling.InfinispanProtoStreamMarshaller'
2022-08-17 19:58:25,001 INFO  [org.infinispan.CONFIG] (MSC service thread 1-5) ISPN000152: Passivation configured without an eviction policy being selected. Only manually evicted entities will be passivated.
2022-08-17 19:58:25,002 INFO  [org.infinispan.CONFIG] (MSC service thread 1-5) ISPN000152: Passivation configured without an eviction policy being selected. Only manually evicted entities will be passivated.
2022-08-17 19:58:25,010 INFO  [org.infinispan.CONTAINER] (ServerService Thread Pool -- 78) ISPN000025: wakeUpInterval is <= 0, not starting expired purge thread
2022-08-17 19:58:25,013 INFO  [org.jboss.as.clustering.infinispan] (ServerService Thread Pool -- 78) WFLYCLINF0002: Started http-remoting-connector cache from ejb container
2022-08-17 19:58:25,081 INFO  [org.wildfly.extension.undertow] (ServerService Thread Pool -- 78) WFLYUT0021: Registered web context: '/web-app-jaxws' for server 'default-server'
2022-08-17 19:58:25,119 INFO  [org.jboss.as.server] (Controller Boot Thread) WFLYSRV0010: Deployed "web-app-jaxws.war" (runtime-name : "web-app-jaxws.war")
2022-08-17 19:58:25,144 INFO  [org.jboss.as.server] (Controller Boot Thread) WFLYSRV0212: Resuming server
2022-08-17 19:58:25,145 INFO  [org.jboss.as] (Controller Boot Thread) WFLYSRV0025: WildFly Full 26.1.1.Final (WildFly Core 18.1.1.Final) started in 4417ms - Started 399 of 601 services (341 services are lazy, passive or on-demand) - Server configuration file in use: standalone.xml
2022-08-17 19:58:25,147 INFO  [org.jboss.as] (Controller Boot Thread) WFLYSRV0060: Http management interface listening on http://127.0.0.1:9990/management
2022-08-17 19:58:25,147 INFO  [org.jboss.as] (Controller Boot Thread) WFLYSRV0051: Admin console listening on http://127.0.0.1:9990
2022-08-17 19:58:25,346 INFO  [org.jboss.as.repository] (management-handler-thread - 1) WFLYDR0001: Content added at location /home/kraus/Descargas/web-app-jaxws/target/server/standalone/data/content/26/a2723344cb12734a5034b7717e6eb46e0252ad/content
2022-08-17 19:58:25,352 INFO  [org.wildfly.extension.undertow] (ServerService Thread Pool -- 78) WFLYUT0022: Unregistered web context: '/web-app-jaxws' from server 'default-server'
2022-08-17 19:58:25,377 INFO  [org.jboss.as.server.deployment] (MSC service thread 1-4) WFLYSRV0028: Stopped deployment web-app-jaxws.war (runtime-name: web-app-jaxws.war) in 27ms
2022-08-17 19:58:25,380 INFO  [org.jboss.as.server.deployment] (MSC service thread 1-3) WFLYSRV0027: Starting deployment of "web-app-jaxws.war" (runtime-name: "web-app-jaxws.war")
2022-08-17 19:58:25,997 INFO  [org.wildfly.extension.undertow] (ServerService Thread Pool -- 78) WFLYUT0021: Registered web context: '/web-app-jaxws' for server 'default-server'
2022-08-17 19:58:26,022 INFO  [org.jboss.as.server] (management-handler-thread - 1) WFLYSRV0016: Replaced deployment "web-app-jaxws.war" with deployment "web-app-jaxws.war"
2022-08-17 19:58:26,023 INFO  [org.jboss.as.repository] (management-handler-thread - 1) WFLYDR0002: Content removed from location /home/kraus/Descargas/web-app-jaxws/target/server/standalone/data/content/85/e7067b9bd9c8ce37b164586ad91edee9a50c76/content
2022-08-17 20:09:28,817 INFO  [org.jboss.as.server] (Thread-1) WFLYSRV0272: Suspending server
2022-08-17 20:09:28,821 INFO  [org.jboss.as.ejb3] (Thread-1) WFLYEJB0493: Jakarta Enterprise Beans subsystem suspension complete
2022-08-17 20:09:28,825 INFO  [org.jboss.as.server] (Thread-1) WFLYSRV0220: Server shutdown has been requested via an OS signal
2022-08-17 20:09:28,833 INFO  [org.wildfly.extension.undertow] (ServerService Thread Pool -- 78) WFLYUT0022: Unregistered web context: '/web-app-jaxws' from server 'default-server'
2022-08-17 20:09:28,834 INFO  [org.jboss.as.mail.extension] (MSC service thread 1-3) WFLYMAIL0002: Unbound mail session [java:jboss/mail/Default]
2022-08-17 20:09:28,835 INFO  [org.wildfly.extension.undertow] (MSC service thread 1-4) WFLYUT0019: Host default-host stopping
2022-08-17 20:09:28,836 INFO  [org.jboss.as.connector.subsystems.datasources] (MSC service thread 1-4) WFLYJCA0010: Unbound data source [java:jboss/datasources/ExampleDS]
2022-08-17 20:09:28,837 INFO  [org.jboss.as.connector.deployers.jdbc] (MSC service thread 1-3) WFLYJCA0019: Stopped Driver service with driver-name = h2
2022-08-17 20:09:28,839 INFO  [org.wildfly.extension.undertow] (MSC service thread 1-4) WFLYUT0008: Undertow HTTPS listener https suspending
2022-08-17 20:09:28,839 INFO  [org.wildfly.extension.undertow] (MSC service thread 1-4) WFLYUT0007: Undertow HTTPS listener https stopped, was bound to 127.0.0.1:8443
2022-08-17 20:09:28,840 INFO  [org.wildfly.extension.undertow] (MSC service thread 1-2) WFLYUT0008: Undertow HTTP listener default suspending
2022-08-17 20:09:28,841 INFO  [org.wildfly.extension.undertow] (MSC service thread 1-2) WFLYUT0007: Undertow HTTP listener default stopped, was bound to 127.0.0.1:8080
2022-08-17 20:09:28,842 INFO  [org.wildfly.extension.undertow] (MSC service thread 1-4) WFLYUT0004: Undertow 2.2.17.Final stopping
2022-08-17 20:09:28,843 INFO  [org.jboss.as.clustering.infinispan] (ServerService Thread Pool -- 82) WFLYCLINF0003: Stopped http-remoting-connector cache from ejb container
2022-08-17 20:09:28,855 INFO  [org.jboss.as.server.deployment] (MSC service thread 1-1) WFLYSRV0028: Stopped deployment web-app-jaxws.war (runtime-name: web-app-jaxws.war) in 24ms
2022-08-17 20:09:28,857 INFO  [org.jboss.as] (MSC service thread 1-7) WFLYSRV0050: WildFly Full 26.1.1.Final (WildFly Core 18.1.1.Final) stopped in 28ms
